Started GET "/" for 127.0.0.1 at 2017-10-02 22:47:28 -0300
  
ActiveRecord::PendingMigrationError (

Migrations are pending. To resolve this issue, run:

        bin/rails db:migrate RAILS_ENV=development

):
  
activerecord (5.1.4) lib/active_record/migration.rb:576:in `check_pending!'
activerecord (5.1.4) lib/active_record/migration.rb:553:in `call'
actionpack (5.1.4) lib/action_dispatch/middleware/callbacks.rb:26:in `block in call'
activesupport (5.1.4) lib/active_support/callbacks.rb:97:in `run_callbacks'
actionpack (5.1.4) lib/action_dispatch/middleware/callbacks.rb:24:in `call'
actionpack (5.1.4) lib/action_dispatch/middleware/executor.rb:12:in `call'
actionpack (5.1.4) lib/action_dispatch/middleware/debug_exceptions.rb:59:in `call'
actionpack (5.1.4) lib/action_dispatch/middleware/show_exceptions.rb:31:in `call'
railties (5.1.4) lib/rails/rack/logger.rb:36:in `call_app'
railties (5.1.4) lib/rails/rack/logger.rb:24:in `block in call'
activesupport (5.1.4) lib/active_support/tagged_logging.rb:69:in `block in tagged'
activesupport (5.1.4) lib/active_support/tagged_logging.rb:26:in `tagged'
activesupport (5.1.4) lib/active_support/tagged_logging.rb:69:in `tagged'
railties (5.1.4) lib/rails/rack/logger.rb:24:in `call'
actionpack (5.1.4) lib/action_dispatch/middleware/remote_ip.rb:79:in `call'
actionpack (5.1.4) lib/action_dispatch/middleware/request_id.rb:25:in `call'
rack (2.0.3) lib/rack/runtime.rb:22:in `call'
activesupport (5.1.4) lib/active_support/cache/strategy/local_cache_middleware.rb:27:in `call'
actionpack (5.1.4) lib/action_dispatch/middleware/executor.rb:12:in `call'
actionpack (5.1.4) lib/action_dispatch/middleware/static.rb:125:in `call'
rack (2.0.3) lib/rack/sendfile.rb:111:in `call'
railties (5.1.4) lib/rails/engine.rb:522:in `call'
puma (3.10.0) lib/puma/configuration.rb:225:in `call'
puma (3.10.0) lib/puma/server.rb:605:in `handle_request'
puma (3.10.0) lib/puma/server.rb:437:in `process_client'
puma (3.10.0) lib/puma/server.rb:301:in `block in run'
puma (3.10.0) lib/puma/thread_pool.rb:120:in `block in spawn_thread'
Started GET "/favicon.ico" for 127.0.0.1 at 2017-10-02 22:47:29 -0300
  
ActiveRecord::PendingMigrationError (

Migrations are pending. To resolve this issue, run:

        bin/rails db:migrate RAILS_ENV=development

):
  
activerecord (5.1.4) lib/active_record/migration.rb:576:in `check_pending!'
activerecord (5.1.4) lib/active_record/migration.rb:553:in `call'
actionpack (5.1.4) lib/action_dispatch/middleware/callbacks.rb:26:in `block in call'
activesupport (5.1.4) lib/active_support/callbacks.rb:97:in `run_callbacks'
actionpack (5.1.4) lib/action_dispatch/middleware/callbacks.rb:24:in `call'
actionpack (5.1.4) lib/action_dispatch/middleware/executor.rb:12:in `call'
actionpack (5.1.4) lib/action_dispatch/middleware/debug_exceptions.rb:59:in `call'
actionpack (5.1.4) lib/action_dispatch/middleware/show_exceptions.rb:31:in `call'
railties (5.1.4) lib/rails/rack/logger.rb:36:in `call_app'
railties (5.1.4) lib/rails/rack/logger.rb:24:in `block in call'
activesupport (5.1.4) lib/active_support/tagged_logging.rb:69:in `block in tagged'
activesupport (5.1.4) lib/active_support/tagged_logging.rb:26:in `tagged'
activesupport (5.1.4) lib/active_support/tagged_logging.rb:69:in `tagged'
railties (5.1.4) lib/rails/rack/logger.rb:24:in `call'
actionpack (5.1.4) lib/action_dispatch/middleware/remote_ip.rb:79:in `call'
actionpack (5.1.4) lib/action_dispatch/middleware/request_id.rb:25:in `call'
rack (2.0.3) lib/rack/runtime.rb:22:in `call'
activesupport (5.1.4) lib/active_support/cache/strategy/local_cache_middleware.rb:27:in `call'
actionpack (5.1.4) lib/action_dispatch/middleware/executor.rb:12:in `call'
actionpack (5.1.4) lib/action_dispatch/middleware/static.rb:125:in `call'
rack (2.0.3) lib/rack/sendfile.rb:111:in `call'
railties (5.1.4) lib/rails/engine.rb:522:in `call'
puma (3.10.0) lib/puma/configuration.rb:225:in `call'
puma (3.10.0) lib/puma/server.rb:605:in `handle_request'
puma (3.10.0) lib/puma/server.rb:437:in `process_client'
puma (3.10.0) lib/puma/server.rb:301:in `block in run'
puma (3.10.0) lib/puma/thread_pool.rb:120:in `block in spawn_thread'
Started GET "/acessos" for 127.0.0.1 at 2017-10-02 22:47:37 -0300
  
ActiveRecord::PendingMigrationError (

Migrations are pending. To resolve this issue, run:

        bin/rails db:migrate RAILS_ENV=development

):
  
activerecord (5.1.4) lib/active_record/migration.rb:576:in `check_pending!'
activerecord (5.1.4) lib/active_record/migration.rb:553:in `call'
actionpack (5.1.4) lib/action_dispatch/middleware/callbacks.rb:26:in `block in call'
activesupport (5.1.4) lib/active_support/callbacks.rb:97:in `run_callbacks'
actionpack (5.1.4) lib/action_dispatch/middleware/callbacks.rb:24:in `call'
actionpack (5.1.4) lib/action_dispatch/middleware/executor.rb:12:in `call'
actionpack (5.1.4) lib/action_dispatch/middleware/debug_exceptions.rb:59:in `call'
actionpack (5.1.4) lib/action_dispatch/middleware/show_exceptions.rb:31:in `call'
railties (5.1.4) lib/rails/rack/logger.rb:36:in `call_app'
railties (5.1.4) lib/rails/rack/logger.rb:24:in `block in call'
activesupport (5.1.4) lib/active_support/tagged_logging.rb:69:in `block in tagged'
activesupport (5.1.4) lib/active_support/tagged_logging.rb:26:in `tagged'
activesupport (5.1.4) lib/active_support/tagged_logging.rb:69:in `tagged'
railties (5.1.4) lib/rails/rack/logger.rb:24:in `call'
actionpack (5.1.4) lib/action_dispatch/middleware/remote_ip.rb:79:in `call'
actionpack (5.1.4) lib/action_dispatch/middleware/request_id.rb:25:in `call'
rack (2.0.3) lib/rack/runtime.rb:22:in `call'
activesupport (5.1.4) lib/active_support/cache/strategy/local_cache_middleware.rb:27:in `call'
actionpack (5.1.4) lib/action_dispatch/middleware/executor.rb:12:in `call'
actionpack (5.1.4) lib/action_dispatch/middleware/static.rb:125:in `call'
rack (2.0.3) lib/rack/sendfile.rb:111:in `call'
railties (5.1.4) lib/rails/engine.rb:522:in `call'
puma (3.10.0) lib/puma/configuration.rb:225:in `call'
puma (3.10.0) lib/puma/server.rb:605:in `handle_request'
puma (3.10.0) lib/puma/server.rb:437:in `process_client'
puma (3.10.0) lib/puma/server.rb:301:in `block in run'
puma (3.10.0) lib/puma/thread_pool.rb:120:in `block in spawn_thread'
Started GET "/favicon.ico" for 127.0.0.1 at 2017-10-02 22:47:37 -0300
  
ActiveRecord::PendingMigrationError (

Migrations are pending. To resolve this issue, run:

        bin/rails db:migrate RAILS_ENV=development

):
  
activerecord (5.1.4) lib/active_record/migration.rb:576:in `check_pending!'
activerecord (5.1.4) lib/active_record/migration.rb:553:in `call'
actionpack (5.1.4) lib/action_dispatch/middleware/callbacks.rb:26:in `block in call'
activesupport (5.1.4) lib/active_support/callbacks.rb:97:in `run_callbacks'
actionpack (5.1.4) lib/action_dispatch/middleware/callbacks.rb:24:in `call'
actionpack (5.1.4) lib/action_dispatch/middleware/executor.rb:12:in `call'
actionpack (5.1.4) lib/action_dispatch/middleware/debug_exceptions.rb:59:in `call'
actionpack (5.1.4) lib/action_dispatch/middleware/show_exceptions.rb:31:in `call'
railties (5.1.4) lib/rails/rack/logger.rb:36:in `call_app'
railties (5.1.4) lib/rails/rack/logger.rb:24:in `block in call'
activesupport (5.1.4) lib/active_support/tagged_logging.rb:69:in `block in tagged'
activesupport (5.1.4) lib/active_support/tagged_logging.rb:26:in `tagged'
activesupport (5.1.4) lib/active_support/tagged_logging.rb:69:in `tagged'
railties (5.1.4) lib/rails/rack/logger.rb:24:in `call'
actionpack (5.1.4) lib/action_dispatch/middleware/remote_ip.rb:79:in `call'
actionpack (5.1.4) lib/action_dispatch/middleware/request_id.rb:25:in `call'
rack (2.0.3) lib/rack/runtime.rb:22:in `call'
activesupport (5.1.4) lib/active_support/cache/strategy/local_cache_middleware.rb:27:in `call'
actionpack (5.1.4) lib/action_dispatch/middleware/executor.rb:12:in `call'
actionpack (5.1.4) lib/action_dispatch/middleware/static.rb:125:in `call'
rack (2.0.3) lib/rack/sendfile.rb:111:in `call'
railties (5.1.4) lib/rails/engine.rb:522:in `call'
puma (3.10.0) lib/puma/configuration.rb:225:in `call'
puma (3.10.0) lib/puma/server.rb:605:in `handle_request'
puma (3.10.0) lib/puma/server.rb:437:in `process_client'
puma (3.10.0) lib/puma/server.rb:301:in `block in run'
puma (3.10.0) lib/puma/thread_pool.rb:120:in `block in spawn_thread'
  [1m[35m (0.1ms)[0m  [1m[34mSELECT sqlite_version(*)[0m
  [1m[35m (4.1ms)[0m  [1m[35mCREATE TABLE "schema_migrations" ("version" varchar NOT NULL PRIMARY KEY)[0m
  [1m[35m (1.4ms)[0m  [1m[35mCREATE TABLE "ar_internal_metadata" ("key" varchar NOT NULL PRIMARY KEY, "value" varchar, "created_at" datetime NOT NULL, "updated_at" datetime NOT NULL)[0m
  [1m[35m (0.1ms)[0m  [1m[34mSELECT "schema_migrations"."version" FROM "schema_migrations" ORDER BY "schema_migrations"."version" ASC[0m
Migrating to CreateAcessos (20171003013740)
  [1m[35m (0.1ms)[0m  [1m[36mbegin transaction[0m
  [1m[35m (0.1ms)[0m  [1m[31mrollback transaction[0m
  [1m[35m (0.1ms)[0m  [1m[34mSELECT "schema_migrations"."version" FROM "schema_migrations" ORDER BY "schema_migrations"."version" ASC[0m
Migrating to CreateAcessos (20171003013740)
  [1m[35m (0.1ms)[0m  [1m[36mbegin transaction[0m
  [1m[35m (0.1ms)[0m  [1m[34mSELECT sqlite_version(*)[0m
  [1m[35m (0.7ms)[0m  [1m[35mCREATE TABLE "acessos" ("id" INTEGER PRIMARY KEY AUTOINCREMENT NOT NULL, "key" varchar, "url" varchar, "date" varchar, "created_at" datetime NOT NULL, "updated_at" datetime NOT NULL)[0m
  [1m[35mSQL (0.3ms)[0m  [1m[32mINSERT INTO "schema_migrations" ("version") VALUES (?)[0m  [["version", "20171003013740"]]
  [1m[35m (3.8ms)[0m  [1m[36mcommit transaction[0m
  [1m[36mActiveRecord::InternalMetadata Load (0.1ms)[0m  [1m[34mSELECT  "ar_internal_metadata".* FROM "ar_internal_metadata" WHERE "ar_internal_metadata"."key" = ? LIMIT ?[0m  [["key", "environment"], ["LIMIT", 1]]
  [1m[35m (0.1ms)[0m  [1m[36mbegin transaction[0m
  [1m[35mSQL (0.4ms)[0m  [1m[32mINSERT INTO "ar_internal_metadata" ("key", "value", "created_at", "updated_at") VALUES (?, ?, ?, ?)[0m  [["key", "environment"], ["value", "development"], ["created_at", "2017-10-03 01:49:27.282698"], ["updated_at", "2017-10-03 01:49:27.282698"]]
  [1m[35m (0.9ms)[0m  [1m[36mcommit transaction[0m
  [1m[35m (0.2ms)[0m  [1m[34mSELECT "schema_migrations"."version" FROM "schema_migrations" ORDER BY "schema_migrations"."version" ASC[0m
Started GET "/acessos" for 127.0.0.1 at 2017-10-02 22:49:37 -0300
  [1m[35m (0.1ms)[0m  [1m[34mSELECT "schema_migrations"."version" FROM "schema_migrations" ORDER BY "schema_migrations"."version" ASC[0m
Processing by AcessosController#index as HTML
  [1m[36mAcesso Load (0.2ms)[0m  [1m[34mSELECT "acessos".* FROM "acessos"[0m
Completed 200 OK in 4ms (Views: 1.4ms | ActiveRecord: 0.4ms)


Started GET "/favicon.ico" for 127.0.0.1 at 2017-10-02 22:49:37 -0300
  
ActionController::RoutingError (No route matches [GET] "/favicon.ico"):
  
actionpack (5.1.4) lib/action_dispatch/middleware/debug_exceptions.rb:63:in `call'
actionpack (5.1.4) lib/action_dispatch/middleware/show_exceptions.rb:31:in `call'
railties (5.1.4) lib/rails/rack/logger.rb:36:in `call_app'
railties (5.1.4) lib/rails/rack/logger.rb:24:in `block in call'
activesupport (5.1.4) lib/active_support/tagged_logging.rb:69:in `block in tagged'
activesupport (5.1.4) lib/active_support/tagged_logging.rb:26:in `tagged'
activesupport (5.1.4) lib/active_support/tagged_logging.rb:69:in `tagged'
railties (5.1.4) lib/rails/rack/logger.rb:24:in `call'
actionpack (5.1.4) lib/action_dispatch/middleware/remote_ip.rb:79:in `call'
actionpack (5.1.4) lib/action_dispatch/middleware/request_id.rb:25:in `call'
rack (2.0.3) lib/rack/runtime.rb:22:in `call'
activesupport (5.1.4) lib/active_support/cache/strategy/local_cache_middleware.rb:27:in `call'
actionpack (5.1.4) lib/action_dispatch/middleware/executor.rb:12:in `call'
actionpack (5.1.4) lib/action_dispatch/middleware/static.rb:125:in `call'
rack (2.0.3) lib/rack/sendfile.rb:111:in `call'
railties (5.1.4) lib/rails/engine.rb:522:in `call'
puma (3.10.0) lib/puma/configuration.rb:225:in `call'
puma (3.10.0) lib/puma/server.rb:605:in `handle_request'
puma (3.10.0) lib/puma/server.rb:437:in `process_client'
puma (3.10.0) lib/puma/server.rb:301:in `block in run'
puma (3.10.0) lib/puma/thread_pool.rb:120:in `block in spawn_thread'
Started GET "/acessos" for 127.0.0.1 at 2017-10-02 22:51:10 -0300
Processing by AcessosController#index as */*
  Parameters: {"acesso"=>{}}
  [1m[36mAcesso Load (0.5ms)[0m  [1m[34mSELECT "acessos".* FROM "acessos"[0m
Completed 200 OK in 2ms (Views: 1.2ms | ActiveRecord: 1.4ms)


Started POST "/acessos" for 127.0.0.1 at 2017-10-02 22:51:39 -0300
Error occurred while parsing request parameters.
Contents:

{"acesso" : {"key":"1","url"":"www.teste.com","date":"2017-10-01"}}
  
ActionDispatch::Http::Parameters::ParseError (751: unexpected token at '{"acesso" : {"key":"1","url"":"www.teste.com","date":"2017-10-01"}}'):
  
actionpack (5.1.4) lib/action_dispatch/http/parameters.rb:115:in `rescue in parse_formatted_parameters'
actionpack (5.1.4) lib/action_dispatch/http/parameters.rb:109:in `parse_formatted_parameters'
actionpack (5.1.4) lib/action_dispatch/http/request.rb:361:in `block in POST'
rack (2.0.3) lib/rack/request.rb:57:in `fetch'
rack (2.0.3) lib/rack/request.rb:57:in `fetch_header'
actionpack (5.1.4) lib/action_dispatch/http/request.rb:360:in `POST'
actionpack (5.1.4) lib/action_controller/metal/params_wrapper.rb:286:in `_wrapper_enabled?'
actionpack (5.1.4) lib/action_controller/metal/params_wrapper.rb:235:in `process_action'
activerecord (5.1.4) lib/active_record/railties/controller_runtime.rb:22:in `process_action'
actionpack (5.1.4) lib/abstract_controller/base.rb:124:in `process'
actionpack (5.1.4) lib/action_controller/metal.rb:189:in `dispatch'
actionpack (5.1.4) lib/action_controller/metal.rb:253:in `dispatch'
actionpack (5.1.4) lib/action_dispatch/routing/route_set.rb:49:in `dispatch'
actionpack (5.1.4) lib/action_dispatch/routing/route_set.rb:31:in `serve'
actionpack (5.1.4) lib/action_dispatch/journey/router.rb:50:in `block in serve'
actionpack (5.1.4) lib/action_dispatch/journey/router.rb:33:in `each'
actionpack (5.1.4) lib/action_dispatch/journey/router.rb:33:in `serve'
actionpack (5.1.4) lib/action_dispatch/routing/route_set.rb:834:in `call'
rack (2.0.3) lib/rack/etag.rb:25:in `call'
rack (2.0.3) lib/rack/conditional_get.rb:38:in `call'
rack (2.0.3) lib/rack/head.rb:12:in `call'
activerecord (5.1.4) lib/active_record/migration.rb:556:in `call'
actionpack (5.1.4) lib/action_dispatch/middleware/callbacks.rb:26:in `block in call'
activesupport (5.1.4) lib/active_support/callbacks.rb:97:in `run_callbacks'
actionpack (5.1.4) lib/action_dispatch/middleware/callbacks.rb:24:in `call'
actionpack (5.1.4) lib/action_dispatch/middleware/executor.rb:12:in `call'
actionpack (5.1.4) lib/action_dispatch/middleware/debug_exceptions.rb:59:in `call'
actionpack (5.1.4) lib/action_dispatch/middleware/show_exceptions.rb:31:in `call'
railties (5.1.4) lib/rails/rack/logger.rb:36:in `call_app'
railties (5.1.4) lib/rails/rack/logger.rb:24:in `block in call'
activesupport (5.1.4) lib/active_support/tagged_logging.rb:69:in `block in tagged'
activesupport (5.1.4) lib/active_support/tagged_logging.rb:26:in `tagged'
activesupport (5.1.4) lib/active_support/tagged_logging.rb:69:in `tagged'
railties (5.1.4) lib/rails/rack/logger.rb:24:in `call'
actionpack (5.1.4) lib/action_dispatch/middleware/remote_ip.rb:79:in `call'
actionpack (5.1.4) lib/action_dispatch/middleware/request_id.rb:25:in `call'
rack (2.0.3) lib/rack/runtime.rb:22:in `call'
activesupport (5.1.4) lib/active_support/cache/strategy/local_cache_middleware.rb:27:in `call'
actionpack (5.1.4) lib/action_dispatch/middleware/executor.rb:12:in `call'
actionpack (5.1.4) lib/action_dispatch/middleware/static.rb:125:in `call'
rack (2.0.3) lib/rack/sendfile.rb:111:in `call'
railties (5.1.4) lib/rails/engine.rb:522:in `call'
puma (3.10.0) lib/puma/configuration.rb:225:in `call'
puma (3.10.0) lib/puma/server.rb:605:in `handle_request'
puma (3.10.0) lib/puma/server.rb:437:in `process_client'
puma (3.10.0) lib/puma/server.rb:301:in `block in run'
puma (3.10.0) lib/puma/thread_pool.rb:120:in `block in spawn_thread'
Started POST "/acessos" for 127.0.0.1 at 2017-10-02 22:52:00 -0300
Error occurred while parsing request parameters.
Contents:

{"key":"1","url"":"www.teste.com","date":"2017-10-01"}
  
ActionDispatch::Http::Parameters::ParseError (751: unexpected token at '{"key":"1","url"":"www.teste.com","date":"2017-10-01"}'):
  
actionpack (5.1.4) lib/action_dispatch/http/parameters.rb:115:in `rescue in parse_formatted_parameters'
actionpack (5.1.4) lib/action_dispatch/http/parameters.rb:109:in `parse_formatted_parameters'
actionpack (5.1.4) lib/action_dispatch/http/request.rb:361:in `block in POST'
rack (2.0.3) lib/rack/request.rb:57:in `fetch'
rack (2.0.3) lib/rack/request.rb:57:in `fetch_header'
actionpack (5.1.4) lib/action_dispatch/http/request.rb:360:in `POST'
actionpack (5.1.4) lib/action_controller/metal/params_wrapper.rb:286:in `_wrapper_enabled?'
actionpack (5.1.4) lib/action_controller/metal/params_wrapper.rb:235:in `process_action'
activerecord (5.1.4) lib/active_record/railties/controller_runtime.rb:22:in `process_action'
actionpack (5.1.4) lib/abstract_controller/base.rb:124:in `process'
actionpack (5.1.4) lib/action_controller/metal.rb:189:in `dispatch'
actionpack (5.1.4) lib/action_controller/metal.rb:253:in `dispatch'
actionpack (5.1.4) lib/action_dispatch/routing/route_set.rb:49:in `dispatch'
actionpack (5.1.4) lib/action_dispatch/routing/route_set.rb:31:in `serve'
actionpack (5.1.4) lib/action_dispatch/journey/router.rb:50:in `block in serve'
actionpack (5.1.4) lib/action_dispatch/journey/router.rb:33:in `each'
actionpack (5.1.4) lib/action_dispatch/journey/router.rb:33:in `serve'
actionpack (5.1.4) lib/action_dispatch/routing/route_set.rb:834:in `call'
rack (2.0.3) lib/rack/etag.rb:25:in `call'
rack (2.0.3) lib/rack/conditional_get.rb:38:in `call'
rack (2.0.3) lib/rack/head.rb:12:in `call'
activerecord (5.1.4) lib/active_record/migration.rb:556:in `call'
actionpack (5.1.4) lib/action_dispatch/middleware/callbacks.rb:26:in `block in call'
activesupport (5.1.4) lib/active_support/callbacks.rb:97:in `run_callbacks'
actionpack (5.1.4) lib/action_dispatch/middleware/callbacks.rb:24:in `call'
actionpack (5.1.4) lib/action_dispatch/middleware/executor.rb:12:in `call'
actionpack (5.1.4) lib/action_dispatch/middleware/debug_exceptions.rb:59:in `call'
actionpack (5.1.4) lib/action_dispatch/middleware/show_exceptions.rb:31:in `call'
railties (5.1.4) lib/rails/rack/logger.rb:36:in `call_app'
railties (5.1.4) lib/rails/rack/logger.rb:24:in `block in call'
activesupport (5.1.4) lib/active_support/tagged_logging.rb:69:in `block in tagged'
activesupport (5.1.4) lib/active_support/tagged_logging.rb:26:in `tagged'
activesupport (5.1.4) lib/active_support/tagged_logging.rb:69:in `tagged'
railties (5.1.4) lib/rails/rack/logger.rb:24:in `call'
actionpack (5.1.4) lib/action_dispatch/middleware/remote_ip.rb:79:in `call'
actionpack (5.1.4) lib/action_dispatch/middleware/request_id.rb:25:in `call'
rack (2.0.3) lib/rack/runtime.rb:22:in `call'
activesupport (5.1.4) lib/active_support/cache/strategy/local_cache_middleware.rb:27:in `call'
actionpack (5.1.4) lib/action_dispatch/middleware/executor.rb:12:in `call'
actionpack (5.1.4) lib/action_dispatch/middleware/static.rb:125:in `call'
rack (2.0.3) lib/rack/sendfile.rb:111:in `call'
railties (5.1.4) lib/rails/engine.rb:522:in `call'
puma (3.10.0) lib/puma/configuration.rb:225:in `call'
puma (3.10.0) lib/puma/server.rb:605:in `handle_request'
puma (3.10.0) lib/puma/server.rb:437:in `process_client'
puma (3.10.0) lib/puma/server.rb:301:in `block in run'
puma (3.10.0) lib/puma/thread_pool.rb:120:in `block in spawn_thread'
Started POST "/acessos" for 127.0.0.1 at 2017-10-02 22:52:19 -0300
Processing by AcessosController#create as */*
  Parameters: {"key"=>"1", "url"=>"www.teste.com", "date"=>"2017-10-01", "acesso"=>{"key"=>"1", "url"=>"www.teste.com", "date"=>"2017-10-01"}}
Unpermitted parameter: :key
  [1m[35m (0.1ms)[0m  [1m[36mbegin transaction[0m
  [1m[35mSQL (6.3ms)[0m  [1m[32mINSERT INTO "acessos" ("url", "date", "created_at", "updated_at") VALUES (?, ?, ?, ?)[0m  [["url", "www.teste.com"], ["date", "2017-10-01"], ["created_at", "2017-10-03 01:52:19.882649"], ["updated_at", "2017-10-03 01:52:19.882649"]]
  [1m[35m (2.2ms)[0m  [1m[36mcommit transaction[0m
Completed 201 Created in 31ms (Views: 1.8ms | ActiveRecord: 9.4ms)


Started GET "/acessos" for 127.0.0.1 at 2017-10-02 22:52:34 -0300
Processing by AcessosController#index as */*
  Parameters: {"acesso"=>{}}
  [1m[36mAcesso Load (0.2ms)[0m  [1m[34mSELECT "acessos".* FROM "acessos"[0m
Completed 200 OK in 12ms (Views: 11.1ms | ActiveRecord: 0.2ms)


Started POST "/acessos/" for 127.0.0.1 at 2017-10-02 23:05:57 -0300
Processing by AcessosController#create as */*
Completed 400 Bad Request in 0ms (ActiveRecord: 0.0ms)


  
ActionController::ParameterMissing (param is missing or the value is empty: acesso):
  
app/controllers/acessos_controller.rb:49:in `acesso_params'
app/controllers/acessos_controller.rb:18:in `create'
Started POST "/acessos/" for 127.0.0.1 at 2017-10-02 23:08:59 -0300
Processing by AcessosController#create as */*
Completed 400 Bad Request in 0ms (ActiveRecord: 0.0ms)


  
ActionController::ParameterMissing (param is missing or the value is empty: acesso):
  
app/controllers/acessos_controller.rb:49:in `acesso_params'
app/controllers/acessos_controller.rb:18:in `create'
Started POST "/acessos/" for 127.0.0.1 at 2017-10-02 23:15:31 -0300
Processing by AcessosController#create as */*
Completed 400 Bad Request in 0ms (ActiveRecord: 0.0ms)


  
ActionController::ParameterMissing (param is missing or the value is empty: acesso):
  
app/controllers/acessos_controller.rb:49:in `acesso_params'
app/controllers/acessos_controller.rb:18:in `create'
Started POST "/acessos" for 127.0.0.1 at 2017-10-02 23:16:42 -0300
Processing by AcessosController#create as */*
  Parameters: {"key"=>"1", "url"=>"www.teste.com", "date"=>"2017-10-01", "acesso"=>{"key"=>"1", "url"=>"www.teste.com", "date"=>"2017-10-01"}}
Unpermitted parameter: :key
  [1m[35m (0.1ms)[0m  [1m[36mbegin transaction[0m
  [1m[35mSQL (1.1ms)[0m  [1m[32mINSERT INTO "acessos" ("url", "date", "created_at", "updated_at") VALUES (?, ?, ?, ?)[0m  [["url", "www.teste.com"], ["date", "2017-10-01"], ["created_at", "2017-10-03 02:16:42.772086"], ["updated_at", "2017-10-03 02:16:42.772086"]]
  [1m[35m (6.8ms)[0m  [1m[36mcommit transaction[0m
Completed 201 Created in 13ms (Views: 0.8ms | ActiveRecord: 7.9ms)


Started POST "/acessos/" for 127.0.0.1 at 2017-10-02 23:20:13 -0300
Processing by AcessosController#create as */*
Completed 400 Bad Request in 0ms (ActiveRecord: 0.0ms)


  
ActionController::ParameterMissing (param is missing or the value is empty: acesso):
  
app/controllers/acessos_controller.rb:49:in `acesso_params'
app/controllers/acessos_controller.rb:18:in `create'
Started POST "/acessos/" for 127.0.0.1 at 2017-10-02 23:21:01 -0300
Processing by AcessosController#create as */*
Completed 400 Bad Request in 0ms (ActiveRecord: 0.0ms)


  
ActionController::ParameterMissing (param is missing or the value is empty: acesso):
  
app/controllers/acessos_controller.rb:49:in `acesso_params'
app/controllers/acessos_controller.rb:18:in `create'
Started OPTIONS "/acessos/" for 127.0.0.1 at 2017-10-02 23:22:15 -0300
  
ActionController::RoutingError (No route matches [OPTIONS] "/acessos"):
  
actionpack (5.1.4) lib/action_dispatch/middleware/debug_exceptions.rb:63:in `call'
actionpack (5.1.4) lib/action_dispatch/middleware/show_exceptions.rb:31:in `call'
railties (5.1.4) lib/rails/rack/logger.rb:36:in `call_app'
railties (5.1.4) lib/rails/rack/logger.rb:24:in `block in call'
activesupport (5.1.4) lib/active_support/tagged_logging.rb:69:in `block in tagged'
activesupport (5.1.4) lib/active_support/tagged_logging.rb:26:in `tagged'
activesupport (5.1.4) lib/active_support/tagged_logging.rb:69:in `tagged'
railties (5.1.4) lib/rails/rack/logger.rb:24:in `call'
actionpack (5.1.4) lib/action_dispatch/middleware/remote_ip.rb:79:in `call'
actionpack (5.1.4) lib/action_dispatch/middleware/request_id.rb:25:in `call'
rack (2.0.3) lib/rack/runtime.rb:22:in `call'
activesupport (5.1.4) lib/active_support/cache/strategy/local_cache_middleware.rb:27:in `call'
actionpack (5.1.4) lib/action_dispatch/middleware/executor.rb:12:in `call'
actionpack (5.1.4) lib/action_dispatch/middleware/static.rb:125:in `call'
rack (2.0.3) lib/rack/sendfile.rb:111:in `call'
railties (5.1.4) lib/rails/engine.rb:522:in `call'
puma (3.10.0) lib/puma/configuration.rb:225:in `call'
puma (3.10.0) lib/puma/server.rb:605:in `handle_request'
puma (3.10.0) lib/puma/server.rb:437:in `process_client'
puma (3.10.0) lib/puma/server.rb:301:in `block in run'
puma (3.10.0) lib/puma/thread_pool.rb:120:in `block in spawn_thread'
Started POST "/acessos/" for 127.0.0.1 at 2017-10-02 23:22:49 -0300
Processing by AcessosController#create as */*
Completed 400 Bad Request in 0ms (ActiveRecord: 0.0ms)


  
ActionController::ParameterMissing (param is missing or the value is empty: acesso):
  
app/controllers/acessos_controller.rb:49:in `acesso_params'
app/controllers/acessos_controller.rb:18:in `create'
Started POST "/acessos/" for 127.0.0.1 at 2017-10-02 23:22:52 -0300
Processing by AcessosController#create as */*
Completed 400 Bad Request in 0ms (ActiveRecord: 0.0ms)


  
ActionController::ParameterMissing (param is missing or the value is empty: acesso):
  
app/controllers/acessos_controller.rb:49:in `acesso_params'
app/controllers/acessos_controller.rb:18:in `create'
Started POST "/acessos/" for 127.0.0.1 at 2017-10-02 23:22:53 -0300
Processing by AcessosController#create as */*
Completed 400 Bad Request in 0ms (ActiveRecord: 0.0ms)


  
ActionController::ParameterMissing (param is missing or the value is empty: acesso):
  
app/controllers/acessos_controller.rb:49:in `acesso_params'
app/controllers/acessos_controller.rb:18:in `create'
Started POST "/acessos/" for 127.0.0.1 at 2017-10-02 23:22:56 -0300
Processing by AcessosController#create as */*
Completed 400 Bad Request in 0ms (ActiveRecord: 0.0ms)


  
ActionController::ParameterMissing (param is missing or the value is empty: acesso):
  
app/controllers/acessos_controller.rb:49:in `acesso_params'
app/controllers/acessos_controller.rb:18:in `create'
Started POST "/acessos/" for 127.0.0.1 at 2017-10-02 23:23:55 -0300
Processing by AcessosController#create as */*
Completed 400 Bad Request in 0ms (ActiveRecord: 0.0ms)


  
ActionController::ParameterMissing (param is missing or the value is empty: acesso):
  
app/controllers/acessos_controller.rb:49:in `acesso_params'
app/controllers/acessos_controller.rb:18:in `create'
Started GET "/acessos/" for 127.0.0.1 at 2017-10-02 23:34:31 -0300
Processing by AcessosController#index as */*
  [1m[36mAcesso Load (0.3ms)[0m  [1m[34mSELECT "acessos".* FROM "acessos"[0m
Completed 200 OK in 2ms (Views: 1.9ms | ActiveRecord: 0.3ms)


Started GET "/acessos/" for 127.0.0.1 at 2017-10-02 23:35:58 -0300
Processing by AcessosController#index as */*
  [1m[36mAcesso Load (0.2ms)[0m  [1m[34mSELECT "acessos".* FROM "acessos"[0m
Completed 200 OK in 2ms (Views: 1.4ms | ActiveRecord: 0.2ms)


Started GET "/acessos/" for 127.0.0.1 at 2017-10-02 23:36:29 -0300
Processing by AcessosController#index as */*
  [1m[36mAcesso Load (0.2ms)[0m  [1m[34mSELECT "acessos".* FROM "acessos"[0m
Completed 200 OK in 2ms (Views: 1.3ms | ActiveRecord: 0.2ms)


Started POST "/acessos/" for 127.0.0.1 at 2017-10-02 23:37:27 -0300
Processing by AcessosController#create as */*
Completed 400 Bad Request in 0ms (ActiveRecord: 0.0ms)


  
ActionController::ParameterMissing (param is missing or the value is empty: acesso):
  
app/controllers/acessos_controller.rb:49:in `acesso_params'
app/controllers/acessos_controller.rb:18:in `create'
Started POST "/acessos" for 127.0.0.1 at 2017-10-02 23:37:59 -0300
Processing by AcessosController#create as */*
Completed 400 Bad Request in 0ms (ActiveRecord: 0.0ms)


  
ActionController::ParameterMissing (param is missing or the value is empty: acesso):
  
app/controllers/acessos_controller.rb:49:in `acesso_params'
app/controllers/acessos_controller.rb:18:in `create'
Started POST "/acessos" for 127.0.0.1 at 2017-10-02 23:39:55 -0300
Processing by AcessosController#create as */*
Completed 400 Bad Request in 0ms (ActiveRecord: 0.0ms)


  
ActionController::ParameterMissing (param is missing or the value is empty: acesso):
  
app/controllers/acessos_controller.rb:49:in `acesso_params'
app/controllers/acessos_controller.rb:18:in `create'
Started POST "/acessos" for 127.0.0.1 at 2017-10-02 23:40:30 -0300
Processing by AcessosController#create as */*
  Parameters: {"key"=>"1", "url"=>"www.teste.com", "date"=>"2017-10-01", "acesso"=>{"key"=>"1", "url"=>"www.teste.com", "date"=>"2017-10-01"}}
Unpermitted parameter: :key
  [1m[35m (0.1ms)[0m  [1m[36mbegin transaction[0m
  [1m[35mSQL (6.5ms)[0m  [1m[32mINSERT INTO "acessos" ("url", "date", "created_at", "updated_at") VALUES (?, ?, ?, ?)[0m  [["url", "www.teste.com"], ["date", "2017-10-01"], ["created_at", "2017-10-03 02:40:30.040074"], ["updated_at", "2017-10-03 02:40:30.040074"]]
  [1m[35m (3.5ms)[0m  [1m[36mcommit transaction[0m
Completed 201 Created in 14ms (Views: 0.5ms | ActiveRecord: 10.1ms)


Started POST "/acessos" for 127.0.0.1 at 2017-10-02 23:41:00 -0300
Processing by AcessosController#create as */*
  Parameters: {"key"=>"1234", "url"=>"www.teste.com1234", "date"=>"2017-10-01234", "acesso"=>{"key"=>"1234", "url"=>"www.teste.com1234", "date"=>"2017-10-01234"}}
Unpermitted parameter: :key
  [1m[35m (0.1ms)[0m  [1m[36mbegin transaction[0m
  [1m[35mSQL (0.3ms)[0m  [1m[32mINSERT INTO "acessos" ("url", "date", "created_at", "updated_at") VALUES (?, ?, ?, ?)[0m  [["url", "www.teste.com1234"], ["date", "2017-10-01234"], ["created_at", "2017-10-03 02:41:00.799140"], ["updated_at", "2017-10-03 02:41:00.799140"]]
  [1m[35m (7.7ms)[0m  [1m[36mcommit transaction[0m
Completed 201 Created in 13ms (Views: 0.8ms | ActiveRecord: 8.1ms)


Started POST "/acessos" for 127.0.0.1 at 2017-10-02 23:42:34 -0300
Processing by AcessosController#create as */*
  [1m[36mAcesso Load (0.3ms)[0m  [1m[34mSELECT  "acessos".* FROM "acessos" WHERE "acessos"."id" = ? LIMIT ?[0m  [["id", nil], ["LIMIT", 1]]
Completed 404 Not Found in 14ms (ActiveRecord: 3.2ms)


  
ActiveRecord::RecordNotFound (Couldn't find Acesso with 'id'=):
  
app/controllers/acessos_controller.rb:44:in `set_acesso'
Started POST "/acessos" for 127.0.0.1 at 2017-10-02 23:42:42 -0300
Processing by AcessosController#create as */*
  Parameters: {"key"=>"1234", "url"=>"www.teste.com1234", "date"=>"2017-10-01234", "acesso"=>{"key"=>"1234", "url"=>"www.teste.com1234", "date"=>"2017-10-01234"}}
  [1m[36mAcesso Load (0.2ms)[0m  [1m[34mSELECT  "acessos".* FROM "acessos" WHERE "acessos"."id" = ? LIMIT ?[0m  [["id", nil], ["LIMIT", 1]]
Completed 404 Not Found in 1ms (ActiveRecord: 0.2ms)


  
ActiveRecord::RecordNotFound (Couldn't find Acesso with 'id'=):
  
app/controllers/acessos_controller.rb:44:in `set_acesso'
Started POST "/acessos" for 127.0.0.1 at 2017-10-02 23:43:54 -0300
Processing by AcessosController#create as */*
  Parameters: {"key"=>"1234", "url"=>"www.teste.com1234", "date"=>"2017-10-01234", "acesso"=>{"key"=>"1234", "url"=>"www.teste.com1234", "date"=>"2017-10-01234"}}
  [1m[35m (0.1ms)[0m  [1m[36mbegin transaction[0m
  [1m[35mSQL (0.5ms)[0m  [1m[32mINSERT INTO "acessos" ("key", "url", "date", "created_at", "updated_at") VALUES (?, ?, ?, ?, ?)[0m  [["key", "1234"], ["url", "www.teste.com1234"], ["date", "2017-10-01234"], ["created_at", "2017-10-03 02:43:54.277116"], ["updated_at", "2017-10-03 02:43:54.277116"]]
  [1m[35m (6.8ms)[0m  [1m[36mcommit transaction[0m
Completed 201 Created in 21ms (Views: 0.9ms | ActiveRecord: 8.8ms)


Started POST "/acessos" for 127.0.0.1 at 2017-10-02 23:44:02 -0300
Processing by AcessosController#create as */*
Completed 400 Bad Request in 0ms (ActiveRecord: 0.0ms)


  
ActionController::ParameterMissing (param is missing or the value is empty: acesso):
  
app/controllers/acessos_controller.rb:49:in `acesso_params'
app/controllers/acessos_controller.rb:18:in `create'
Started POST "/acessos" for 127.0.0.1 at 2017-10-02 23:45:20 -0300
Processing by AcessosController#create as */*
Completed 400 Bad Request in 0ms (ActiveRecord: 0.0ms)


  
ActionController::ParameterMissing (param is missing or the value is empty: acesso):
  
app/controllers/acessos_controller.rb:49:in `acesso_params'
app/controllers/acessos_controller.rb:18:in `create'
Started POST "/acessos" for 127.0.0.1 at 2017-10-02 23:46:35 -0300
Processing by AcessosController#create as */*
Completed 400 Bad Request in 0ms (ActiveRecord: 0.0ms)


  
ActionController::ParameterMissing (param is missing or the value is empty: acesso):
  
app/controllers/acessos_controller.rb:49:in `acesso_params'
app/controllers/acessos_controller.rb:18:in `create'
Started POST "/acessos" for 127.0.0.1 at 2017-10-02 23:47:32 -0300
Processing by AcessosController#create as */*
  Parameters: {"key"=>"1", "url"=>"www.teste.com", "date"=>"2017-10-01", "acesso"=>{"key"=>"1", "url"=>"www.teste.com", "date"=>"2017-10-01"}}
  [1m[35m (0.1ms)[0m  [1m[36mbegin transaction[0m
  [1m[35mSQL (0.5ms)[0m  [1m[32mINSERT INTO "acessos" ("key", "url", "date", "created_at", "updated_at") VALUES (?, ?, ?, ?, ?)[0m  [["key", "1"], ["url", "www.teste.com"], ["date", "2017-10-01"], ["created_at", "2017-10-03 02:47:32.002858"], ["updated_at", "2017-10-03 02:47:32.002858"]]
  [1m[35m (7.3ms)[0m  [1m[36mcommit transaction[0m
Completed 201 Created in 12ms (Views: 0.6ms | ActiveRecord: 7.9ms)


Started GET "/acessos" for 127.0.0.1 at 2017-10-02 23:47:42 -0300
Processing by AcessosController#index as */*
  Parameters: {"acesso"=>{}}
  [1m[36mAcesso Load (0.2ms)[0m  [1m[34mSELECT "acessos".* FROM "acessos"[0m
Completed 200 OK in 2ms (Views: 1.7ms | ActiveRecord: 0.2ms)


Started DELETE "/acessos/1" for 127.0.0.1 at 2017-10-02 23:48:10 -0300
Processing by AcessosController#destroy as */*
  Parameters: {"user"=>{"email"=>"novo_email@test.com", "password"=>"[FILTERED]", "password_confirmation"=>"[FILTERED]"}, "id"=>"1", "acesso"=>{}}
  [1m[36mAcesso Load (0.3ms)[0m  [1m[34mSELECT  "acessos".* FROM "acessos" WHERE "acessos"."id" = ? LIMIT ?[0m  [["id", nil], ["LIMIT", 1]]
Completed 404 Not Found in 2ms (ActiveRecord: 0.3ms)


  
ActiveRecord::RecordNotFound (Couldn't find Acesso with 'id'=):
  
app/controllers/acessos_controller.rb:44:in `set_acesso'
Started GET "/acessos" for 127.0.0.1 at 2017-10-02 23:48:24 -0300
Processing by AcessosController#index as */*
  Parameters: {"acesso"=>{}}
  [1m[36mAcesso Load (0.3ms)[0m  [1m[34mSELECT "acessos".* FROM "acessos"[0m
Completed 200 OK in 3ms (Views: 2.9ms | ActiveRecord: 0.3ms)


Started DELETE "/acessos/1" for 127.0.0.1 at 2017-10-02 23:50:14 -0300
Processing by AcessosController#destroy as */*
  Parameters: {"user"=>{"email"=>"novo_email@test.com", "password"=>"[FILTERED]", "password_confirmation"=>"[FILTERED]"}, "id"=>"1", "acesso"=>{}}
  [1m[36mAcesso Load (0.1ms)[0m  [1m[34mSELECT  "acessos".* FROM "acessos" WHERE "acessos"."id" = ? LIMIT ?[0m  [["id", nil], ["LIMIT", 1]]
Completed 404 Not Found in 1ms (ActiveRecord: 0.1ms)


  
ActiveRecord::RecordNotFound (Couldn't find Acesso with 'id'=):
  
app/controllers/acessos_controller.rb:44:in `set_acesso'
Started GET "/acessos" for 127.0.0.1 at 2017-10-02 23:50:24 -0300
Processing by AcessosController#index as */*
  Parameters: {"acesso"=>{}}
  [1m[36mAcesso Load (0.3ms)[0m  [1m[34mSELECT "acessos".* FROM "acessos"[0m
Completed 200 OK in 3ms (Views: 2.0ms | ActiveRecord: 0.3ms)


Started DELETE "/acessos/1" for 127.0.0.1 at 2017-10-02 23:51:47 -0300
Processing by AcessosController#destroy as */*
  Parameters: {"key"=>"1", "url"=>"www.teste.com", "date"=>"2017-10-01", "id"=>"1", "acesso"=>{"key"=>"1", "url"=>"www.teste.com", "date"=>"2017-10-01"}}
  [1m[36mAcesso Load (0.1ms)[0m  [1m[34mSELECT  "acessos".* FROM "acessos" WHERE "acessos"."id" = ? LIMIT ?[0m  [["id", 1], ["LIMIT", 1]]
  [1m[35m (0.2ms)[0m  [1m[36mbegin transaction[0m
  [1m[35mSQL (0.4ms)[0m  [1m[31mDELETE FROM "acessos" WHERE "acessos"."id" = ?[0m  [["id", 1]]
  [1m[35m (8.4ms)[0m  [1m[36mcommit transaction[0m
Completed 204 No Content in 13ms (ActiveRecord: 9.1ms)


Started GET "/acessos" for 127.0.0.1 at 2017-10-02 23:51:52 -0300
Processing by AcessosController#index as */*
  Parameters: {"acesso"=>{}}
  [1m[36mAcesso Load (0.3ms)[0m  [1m[34mSELECT "acessos".* FROM "acessos"[0m
Completed 200 OK in 2ms (Views: 2.0ms | ActiveRecord: 0.3ms)


Started DELETE "/acessos/2" for 127.0.0.1 at 2017-10-02 23:51:59 -0300
Processing by AcessosController#destroy as */*
  Parameters: {"key"=>"1", "url"=>"www.teste.com", "date"=>"2017-10-01", "id"=>"2", "acesso"=>{"key"=>"1", "url"=>"www.teste.com", "date"=>"2017-10-01"}}
  [1m[36mAcesso Load (0.1ms)[0m  [1m[34mSELECT  "acessos".* FROM "acessos" WHERE "acessos"."id" = ? LIMIT ?[0m  [["id", 1], ["LIMIT", 1]]
Completed 404 Not Found in 1ms (ActiveRecord: 0.1ms)


  
ActiveRecord::RecordNotFound (Couldn't find Acesso with 'id'=1):
  
app/controllers/acessos_controller.rb:44:in `set_acesso'
Started DELETE "/acessos/3" for 127.0.0.1 at 2017-10-02 23:52:03 -0300
Processing by AcessosController#destroy as */*
  Parameters: {"key"=>"1", "url"=>"www.teste.com", "date"=>"2017-10-01", "id"=>"3", "acesso"=>{"key"=>"1", "url"=>"www.teste.com", "date"=>"2017-10-01"}}
  [1m[36mAcesso Load (0.2ms)[0m  [1m[34mSELECT  "acessos".* FROM "acessos" WHERE "acessos"."id" = ? LIMIT ?[0m  [["id", 1], ["LIMIT", 1]]
Completed 404 Not Found in 1ms (ActiveRecord: 0.2ms)


  
ActiveRecord::RecordNotFound (Couldn't find Acesso with 'id'=1):
  
app/controllers/acessos_controller.rb:44:in `set_acesso'
Started DELETE "/acessos/3" for 127.0.0.1 at 2017-10-02 23:52:04 -0300
Processing by AcessosController#destroy as */*
  Parameters: {"key"=>"1", "url"=>"www.teste.com", "date"=>"2017-10-01", "id"=>"3", "acesso"=>{"key"=>"1", "url"=>"www.teste.com", "date"=>"2017-10-01"}}
  [1m[36mAcesso Load (0.1ms)[0m  [1m[34mSELECT  "acessos".* FROM "acessos" WHERE "acessos"."id" = ? LIMIT ?[0m  [["id", 1], ["LIMIT", 1]]
Completed 404 Not Found in 1ms (ActiveRecord: 0.1ms)


  
ActiveRecord::RecordNotFound (Couldn't find Acesso with 'id'=1):
  
app/controllers/acessos_controller.rb:44:in `set_acesso'
Started DELETE "/acessos/3" for 127.0.0.1 at 2017-10-02 23:52:05 -0300
Processing by AcessosController#destroy as */*
  Parameters: {"key"=>"1", "url"=>"www.teste.com", "date"=>"2017-10-01", "id"=>"3", "acesso"=>{"key"=>"1", "url"=>"www.teste.com", "date"=>"2017-10-01"}}
  [1m[36mAcesso Load (0.2ms)[0m  [1m[34mSELECT  "acessos".* FROM "acessos" WHERE "acessos"."id" = ? LIMIT ?[0m  [["id", 1], ["LIMIT", 1]]
Completed 404 Not Found in 1ms (ActiveRecord: 0.2ms)


  
ActiveRecord::RecordNotFound (Couldn't find Acesso with 'id'=1):
  
app/controllers/acessos_controller.rb:44:in `set_acesso'
Started GET "/acessos" for 127.0.0.1 at 2017-10-02 23:52:10 -0300
Processing by AcessosController#index as */*
  Parameters: {"acesso"=>{}}
  [1m[36mAcesso Load (0.2ms)[0m  [1m[34mSELECT "acessos".* FROM "acessos"[0m
Completed 200 OK in 2ms (Views: 1.4ms | ActiveRecord: 0.2ms)


Started DELETE "/acessos/" for 127.0.0.1 at 2017-10-02 23:52:23 -0300
  
ActionController::RoutingError (No route matches [DELETE] "/acessos"):
  
actionpack (5.1.4) lib/action_dispatch/middleware/debug_exceptions.rb:63:in `call'
actionpack (5.1.4) lib/action_dispatch/middleware/show_exceptions.rb:31:in `call'
railties (5.1.4) lib/rails/rack/logger.rb:36:in `call_app'
railties (5.1.4) lib/rails/rack/logger.rb:24:in `block in call'
activesupport (5.1.4) lib/active_support/tagged_logging.rb:69:in `block in tagged'
activesupport (5.1.4) lib/active_support/tagged_logging.rb:26:in `tagged'
activesupport (5.1.4) lib/active_support/tagged_logging.rb:69:in `tagged'
railties (5.1.4) lib/rails/rack/logger.rb:24:in `call'
actionpack (5.1.4) lib/action_dispatch/middleware/remote_ip.rb:79:in `call'
actionpack (5.1.4) lib/action_dispatch/middleware/request_id.rb:25:in `call'
rack (2.0.3) lib/rack/runtime.rb:22:in `call'
activesupport (5.1.4) lib/active_support/cache/strategy/local_cache_middleware.rb:27:in `call'
actionpack (5.1.4) lib/action_dispatch/middleware/executor.rb:12:in `call'
actionpack (5.1.4) lib/action_dispatch/middleware/static.rb:125:in `call'
rack (2.0.3) lib/rack/sendfile.rb:111:in `call'
railties (5.1.4) lib/rails/engine.rb:522:in `call'
puma (3.10.0) lib/puma/configuration.rb:225:in `call'
puma (3.10.0) lib/puma/server.rb:605:in `handle_request'
puma (3.10.0) lib/puma/server.rb:437:in `process_client'
puma (3.10.0) lib/puma/server.rb:301:in `block in run'
puma (3.10.0) lib/puma/thread_pool.rb:120:in `block in spawn_thread'
Started GET "/acessos" for 127.0.0.1 at 2017-10-02 23:52:28 -0300
Processing by AcessosController#index as */*
  Parameters: {"acesso"=>{}}
  [1m[36mAcesso Load (0.2ms)[0m  [1m[34mSELECT "acessos".* FROM "acessos"[0m
Completed 200 OK in 2ms (Views: 1.9ms | ActiveRecord: 0.2ms)


Started DELETE "/acessos/2" for 127.0.0.1 at 2017-10-02 23:53:30 -0300
Processing by AcessosController#destroy as */*
  Parameters: {"key"=>"1", "url"=>"www.teste.com", "date"=>"2017-10-01", "id"=>"2", "acesso"=>{"key"=>"1", "url"=>"www.teste.com", "date"=>"2017-10-01"}}
  [1m[36mAcesso Load (0.2ms)[0m  [1m[34mSELECT  "acessos".* FROM "acessos" WHERE "acessos"."id" = ? LIMIT ?[0m  [["id", 2], ["LIMIT", 1]]
  [1m[35m (0.1ms)[0m  [1m[36mbegin transaction[0m
  [1m[35mSQL (0.4ms)[0m  [1m[31mDELETE FROM "acessos" WHERE "acessos"."id" = ?[0m  [["id", 2]]
  [1m[35m (2.0ms)[0m  [1m[36mcommit transaction[0m
Completed 204 No Content in 19ms (ActiveRecord: 4.1ms)


Started DELETE "/acessos/3" for 127.0.0.1 at 2017-10-02 23:53:34 -0300
Processing by AcessosController#destroy as */*
  Parameters: {"key"=>"1", "url"=>"www.teste.com", "date"=>"2017-10-01", "id"=>"3", "acesso"=>{"key"=>"1", "url"=>"www.teste.com", "date"=>"2017-10-01"}}
  [1m[36mAcesso Load (0.1ms)[0m  [1m[34mSELECT  "acessos".* FROM "acessos" WHERE "acessos"."id" = ? LIMIT ?[0m  [["id", 3], ["LIMIT", 1]]
  [1m[35m (0.1ms)[0m  [1m[36mbegin transaction[0m
  [1m[35mSQL (0.3ms)[0m  [1m[31mDELETE FROM "acessos" WHERE "acessos"."id" = ?[0m  [["id", 3]]
  [1m[35m (6.7ms)[0m  [1m[36mcommit transaction[0m
Completed 204 No Content in 10ms (ActiveRecord: 7.2ms)


Started DELETE "/acessos/4" for 127.0.0.1 at 2017-10-02 23:53:37 -0300
Processing by AcessosController#destroy as */*
  Parameters: {"key"=>"1", "url"=>"www.teste.com", "date"=>"2017-10-01", "id"=>"4", "acesso"=>{"key"=>"1", "url"=>"www.teste.com", "date"=>"2017-10-01"}}
  [1m[36mAcesso Load (0.1ms)[0m  [1m[34mSELECT  "acessos".* FROM "acessos" WHERE "acessos"."id" = ? LIMIT ?[0m  [["id", 4], ["LIMIT", 1]]
  [1m[35m (0.1ms)[0m  [1m[36mbegin transaction[0m
  [1m[35mSQL (0.3ms)[0m  [1m[31mDELETE FROM "acessos" WHERE "acessos"."id" = ?[0m  [["id", 4]]
  [1m[35m (7.9ms)[0m  [1m[36mcommit transaction[0m
Completed 204 No Content in 11ms (ActiveRecord: 8.4ms)


Started DELETE "/acessos/5" for 127.0.0.1 at 2017-10-02 23:53:40 -0300
Processing by AcessosController#destroy as */*
  Parameters: {"key"=>"1", "url"=>"www.teste.com", "date"=>"2017-10-01", "id"=>"5", "acesso"=>{"key"=>"1", "url"=>"www.teste.com", "date"=>"2017-10-01"}}
  [1m[36mAcesso Load (0.1ms)[0m  [1m[34mSELECT  "acessos".* FROM "acessos" WHERE "acessos"."id" = ? LIMIT ?[0m  [["id", 5], ["LIMIT", 1]]
  [1m[35m (0.0ms)[0m  [1m[36mbegin transaction[0m
  [1m[35mSQL (0.3ms)[0m  [1m[31mDELETE FROM "acessos" WHERE "acessos"."id" = ?[0m  [["id", 5]]
  [1m[35m (3.9ms)[0m  [1m[36mcommit transaction[0m
Completed 204 No Content in 7ms (ActiveRecord: 4.3ms)


Started DELETE "/acessos/6" for 127.0.0.1 at 2017-10-02 23:53:43 -0300
Processing by AcessosController#destroy as */*
  Parameters: {"key"=>"1", "url"=>"www.teste.com", "date"=>"2017-10-01", "id"=>"6", "acesso"=>{"key"=>"1", "url"=>"www.teste.com", "date"=>"2017-10-01"}}
  [1m[36mAcesso Load (0.2ms)[0m  [1m[34mSELECT  "acessos".* FROM "acessos" WHERE "acessos"."id" = ? LIMIT ?[0m  [["id", 6], ["LIMIT", 1]]
  [1m[35m (0.1ms)[0m  [1m[36mbegin transaction[0m
  [1m[35mSQL (0.3ms)[0m  [1m[31mDELETE FROM "acessos" WHERE "acessos"."id" = ?[0m  [["id", 6]]
  [1m[35m (6.6ms)[0m  [1m[36mcommit transaction[0m
Completed 204 No Content in 10ms (ActiveRecord: 7.2ms)


Started DELETE "/acessos/7" for 127.0.0.1 at 2017-10-02 23:53:47 -0300
Processing by AcessosController#destroy as */*
  Parameters: {"key"=>"1", "url"=>"www.teste.com", "date"=>"2017-10-01", "id"=>"7", "acesso"=>{"key"=>"1", "url"=>"www.teste.com", "date"=>"2017-10-01"}}
  [1m[36mAcesso Load (0.1ms)[0m  [1m[34mSELECT  "acessos".* FROM "acessos" WHERE "acessos"."id" = ? LIMIT ?[0m  [["id", 7], ["LIMIT", 1]]
Completed 404 Not Found in 1ms (ActiveRecord: 0.1ms)


  
ActiveRecord::RecordNotFound (Couldn't find Acesso with 'id'=7):
  
app/controllers/acessos_controller.rb:44:in `set_acesso'
Started GET "/acessos" for 127.0.0.1 at 2017-10-02 23:53:50 -0300
Processing by AcessosController#index as */*
  Parameters: {"acesso"=>{}}
  [1m[36mAcesso Load (0.2ms)[0m  [1m[34mSELECT "acessos".* FROM "acessos"[0m
Completed 200 OK in 1ms (Views: 0.7ms | ActiveRecord: 0.2ms)


Started POST "/acessos" for 127.0.0.1 at 2017-10-02 23:57:56 -0300
Processing by AcessosController#create as */*
Completed 400 Bad Request in 0ms (ActiveRecord: 0.0ms)


  
ActionController::ParameterMissing (param is missing or the value is empty: acesso):
  
app/controllers/acessos_controller.rb:49:in `acesso_params'
app/controllers/acessos_controller.rb:18:in `create'
Started POST "/acessos" for 127.0.0.1 at 2017-10-02 23:59:53 -0300
Processing by AcessosController#create as */*
Completed 400 Bad Request in 0ms (ActiveRecord: 0.0ms)


  
ActionController::ParameterMissing (param is missing or the value is empty: acesso):
  
app/controllers/acessos_controller.rb:49:in `acesso_params'
app/controllers/acessos_controller.rb:18:in `create'
Started POST "/acessos" for 127.0.0.1 at 2017-10-02 23:59:54 -0300
Processing by AcessosController#create as */*
Completed 400 Bad Request in 0ms (ActiveRecord: 0.0ms)


  
ActionController::ParameterMissing (param is missing or the value is empty: acesso):
  
app/controllers/acessos_controller.rb:49:in `acesso_params'
app/controllers/acessos_controller.rb:18:in `create'
Started POST "/acessos" for 127.0.0.1 at 2017-10-03 00:03:58 -0300
Processing by AcessosController#create as */*
Completed 400 Bad Request in 2ms (ActiveRecord: 0.0ms)


  
ActionController::ParameterMissing (param is missing or the value is empty: acesso):
  
app/controllers/acessos_controller.rb:49:in `acesso_params'
app/controllers/acessos_controller.rb:18:in `create'
Started POST "/acessos" for 127.0.0.1 at 2017-10-03 00:04:13 -0300
Processing by AcessosController#create as */*
  Parameters: {"key"=>"1234", "url"=>"www.teste.com1234", "date"=>"2017-10-01234", "acesso"=>{"key"=>"1234", "url"=>"www.teste.com1234", "date"=>"2017-10-01234"}}
  [1m[35m (0.8ms)[0m  [1m[36mbegin transaction[0m
  [1m[35mSQL (2.4ms)[0m  [1m[32mINSERT INTO "acessos" ("key", "url", "date", "created_at", "updated_at") VALUES (?, ?, ?, ?, ?)[0m  [["key", "1234"], ["url", "www.teste.com1234"], ["date", "2017-10-01234"], ["created_at", "2017-10-03 03:04:13.246217"], ["updated_at", "2017-10-03 03:04:13.246217"]]
  [1m[35m (2.0ms)[0m  [1m[36mcommit transaction[0m
Completed 201 Created in 14ms (Views: 1.5ms | ActiveRecord: 5.2ms)


Started GET "/acessos" for 127.0.0.1 at 2017-10-03 00:04:19 -0300
Processing by AcessosController#index as */*
  Parameters: {"acesso"=>{}}
  [1m[36mAcesso Load (0.2ms)[0m  [1m[34mSELECT "acessos".* FROM "acessos"[0m
Completed 200 OK in 2ms (Views: 1.7ms | ActiveRecord: 0.2ms)


Started POST "/acessos" for 127.0.0.1 at 2017-10-03 00:08:33 -0300
Processing by AcessosController#create as */*
Completed 400 Bad Request in 0ms (ActiveRecord: 0.0ms)


  
ActionController::ParameterMissing (param is missing or the value is empty: acesso):
  
app/controllers/acessos_controller.rb:49:in `acesso_params'
app/controllers/acessos_controller.rb:18:in `create'
Started POST "/acessos" for 127.0.0.1 at 2017-10-03 00:08:52 -0300
Processing by AcessosController#create as */*
Completed 400 Bad Request in 0ms (ActiveRecord: 0.0ms)


  
ActionController::ParameterMissing (param is missing or the value is empty: acesso):
  
app/controllers/acessos_controller.rb:49:in `acesso_params'
app/controllers/acessos_controller.rb:18:in `create'
Started POST "/acessos" for 127.0.0.1 at 2017-10-03 00:09:28 -0300
Processing by AcessosController#create as */*
Completed 400 Bad Request in 0ms (ActiveRecord: 0.0ms)


  
ActionController::ParameterMissing (param is missing or the value is empty: acesso):
  
app/controllers/acessos_controller.rb:49:in `acesso_params'
app/controllers/acessos_controller.rb:18:in `create'
Started POST "/acessos" for 127.0.0.1 at 2017-10-03 00:12:31 -0300
Processing by AcessosController#create as */*
Completed 400 Bad Request in 0ms (ActiveRecord: 0.0ms)


  
ActionController::ParameterMissing (param is missing or the value is empty: acesso):
  
app/controllers/acessos_controller.rb:49:in `acesso_params'
app/controllers/acessos_controller.rb:18:in `create'
Started POST "/acessos" for 127.0.0.1 at 2017-10-03 00:13:05 -0300
Processing by AcessosController#create as */*
Completed 400 Bad Request in 0ms (ActiveRecord: 0.0ms)


  
ActionController::ParameterMissing (param is missing or the value is empty: acesso):
  
app/controllers/acessos_controller.rb:49:in `acesso_params'
app/controllers/acessos_controller.rb:18:in `create'
Started POST "/acessos" for 127.0.0.1 at 2017-10-03 00:16:08 -0300
Processing by AcessosController#create as */*
Completed 400 Bad Request in 0ms (ActiveRecord: 0.0ms)


  
ActionController::ParameterMissing (param is missing or the value is empty: acesso):
  
app/controllers/acessos_controller.rb:49:in `acesso_params'
app/controllers/acessos_controller.rb:18:in `create'
Started POST "/acessos" for 127.0.0.1 at 2017-10-03 00:16:26 -0300
Processing by AcessosController#create as */*
Completed 400 Bad Request in 0ms (ActiveRecord: 0.0ms)


  
ActionController::ParameterMissing (param is missing or the value is empty: acesso):
  
app/controllers/acessos_controller.rb:49:in `acesso_params'
app/controllers/acessos_controller.rb:18:in `create'
Started POST "/acessos" for 127.0.0.1 at 2017-10-03 00:17:05 -0300
Processing by AcessosController#create as */*
Completed 400 Bad Request in 1ms (ActiveRecord: 0.0ms)


  
ActionController::ParameterMissing (param is missing or the value is empty: acesso):
  
app/controllers/acessos_controller.rb:49:in `acesso_params'
app/controllers/acessos_controller.rb:18:in `create'
Started POST "/acessos" for 127.0.0.1 at 2017-10-03 00:17:25 -0300
Processing by AcessosController#create as */*
Completed 400 Bad Request in 0ms (ActiveRecord: 0.0ms)


  
ActionController::ParameterMissing (param is missing or the value is empty: acesso):
  
app/controllers/acessos_controller.rb:49:in `acesso_params'
app/controllers/acessos_controller.rb:18:in `create'
Started POST "/acessos" for 127.0.0.1 at 2017-10-03 00:17:40 -0300
Processing by AcessosController#create as */*
Completed 400 Bad Request in 0ms (ActiveRecord: 0.0ms)


  
ActionController::ParameterMissing (param is missing or the value is empty: acesso):
  
app/controllers/acessos_controller.rb:49:in `acesso_params'
app/controllers/acessos_controller.rb:18:in `create'
Started POST "/acessos" for 127.0.0.1 at 2017-10-03 00:18:01 -0300
Processing by AcessosController#create as */*
Completed 400 Bad Request in 0ms (ActiveRecord: 0.0ms)


  
ActionController::ParameterMissing (param is missing or the value is empty: acesso):
  
app/controllers/acessos_controller.rb:49:in `acesso_params'
app/controllers/acessos_controller.rb:18:in `create'
Started POST "/acessos" for 127.0.0.1 at 2017-10-03 00:19:44 -0300
Processing by AcessosController#create as */*
Completed 400 Bad Request in 0ms (ActiveRecord: 0.0ms)


  
ActionController::ParameterMissing (param is missing or the value is empty: acesso):
  
app/controllers/acessos_controller.rb:49:in `acesso_params'
app/controllers/acessos_controller.rb:18:in `create'
Started POST "/acessos" for 127.0.0.1 at 2017-10-03 00:19:49 -0300
Processing by AcessosController#create as */*
Completed 400 Bad Request in 0ms (ActiveRecord: 0.0ms)


  
ActionController::ParameterMissing (param is missing or the value is empty: acesso):
  
app/controllers/acessos_controller.rb:49:in `acesso_params'
app/controllers/acessos_controller.rb:18:in `create'
Started POST "/acessos" for 127.0.0.1 at 2017-10-03 00:19:52 -0300
Processing by AcessosController#create as */*
Completed 400 Bad Request in 0ms (ActiveRecord: 0.0ms)


  
ActionController::ParameterMissing (param is missing or the value is empty: acesso):
  
app/controllers/acessos_controller.rb:49:in `acesso_params'
app/controllers/acessos_controller.rb:18:in `create'
Started POST "/acessos" for 127.0.0.1 at 2017-10-03 00:19:52 -0300
Processing by AcessosController#create as */*
Completed 400 Bad Request in 0ms (ActiveRecord: 0.0ms)


  
ActionController::ParameterMissing (param is missing or the value is empty: acesso):
  
app/controllers/acessos_controller.rb:49:in `acesso_params'
app/controllers/acessos_controller.rb:18:in `create'
Started POST "/acessos" for 127.0.0.1 at 2017-10-03 00:19:54 -0300
Processing by AcessosController#create as */*
Completed 400 Bad Request in 0ms (ActiveRecord: 0.0ms)


  
ActionController::ParameterMissing (param is missing or the value is empty: acesso):
  
app/controllers/acessos_controller.rb:49:in `acesso_params'
app/controllers/acessos_controller.rb:18:in `create'
Started POST "/acessos" for 127.0.0.1 at 2017-10-03 00:21:41 -0300
Processing by AcessosController#create as JSON
Completed 400 Bad Request in 0ms (ActiveRecord: 0.0ms)


  
ActionController::ParameterMissing (param is missing or the value is empty: acesso):
  
app/controllers/acessos_controller.rb:49:in `acesso_params'
app/controllers/acessos_controller.rb:18:in `create'
Started POST "/acessos" for 127.0.0.1 at 2017-10-03 00:22:10 -0300
Processing by AcessosController#create as JSON
Completed 400 Bad Request in 0ms (ActiveRecord: 0.0ms)


  
ActionController::ParameterMissing (param is missing or the value is empty: acesso):
  
app/controllers/acessos_controller.rb:49:in `acesso_params'
app/controllers/acessos_controller.rb:18:in `create'
Started POST "/acessos" for 127.0.0.1 at 2017-10-03 00:23:07 -0300
Processing by AcessosController#create as JSON
Completed 400 Bad Request in 1ms (ActiveRecord: 0.0ms)


  
ActionController::ParameterMissing (param is missing or the value is empty: acesso):
  
app/controllers/acessos_controller.rb:49:in `acesso_params'
app/controllers/acessos_controller.rb:18:in `create'
Started POST "/acessos" for 127.0.0.1 at 2017-10-03 00:23:10 -0300
Processing by AcessosController#create as JSON
Completed 400 Bad Request in 0ms (ActiveRecord: 0.0ms)


  
ActionController::ParameterMissing (param is missing or the value is empty: acesso):
  
app/controllers/acessos_controller.rb:49:in `acesso_params'
app/controllers/acessos_controller.rb:18:in `create'
Started POST "/acessos" for 127.0.0.1 at 2017-10-03 00:30:52 -0300
Processing by AcessosController#create as JSON
Completed 400 Bad Request in 1ms (ActiveRecord: 0.0ms)


  
ActionController::ParameterMissing (param is missing or the value is empty: acesso):
  
app/controllers/acessos_controller.rb:49:in `acesso_params'
app/controllers/acessos_controller.rb:18:in `create'
Started POST "/acessos" for 127.0.0.1 at 2017-10-03 00:31:06 -0300
  [1m[35m (0.1ms)[0m  [1m[34mSELECT "schema_migrations"."version" FROM "schema_migrations" ORDER BY "schema_migrations"."version" ASC[0m
Processing by AcessosController#create as JSON
Completed 400 Bad Request in 2ms (ActiveRecord: 0.0ms)


  
ActionController::ParameterMissing (param is missing or the value is empty: acesso):
  
app/controllers/acessos_controller.rb:49:in `acesso_params'
app/controllers/acessos_controller.rb:18:in `create'
Started POST "/acessos" for 127.0.0.1 at 2017-10-03 00:34:52 -0300
Processing by AcessosController#create as JSON
  [1m[36mAcesso Load (0.3ms)[0m  [1m[34mSELECT  "acessos".* FROM "acessos" WHERE "acessos"."id" = ? LIMIT ?[0m  [["id", nil], ["LIMIT", 1]]
Completed 404 Not Found in 9ms (ActiveRecord: 1.1ms)


  
ActiveRecord::RecordNotFound (Couldn't find Acesso with 'id'=):
  
app/controllers/acessos_controller.rb:44:in `set_acesso'
Started POST "/acessos" for 127.0.0.1 at 2017-10-03 00:47:19 -0300
Processing by AcessosController#create as */*
  Parameters: {"key"=>"1234", "url"=>"www.teste.com1234", "date"=>"2017-10-01234", "acesso"=>{"key"=>"1234", "url"=>"www.teste.com1234", "date"=>"2017-10-01234"}}
  [1m[36mAcesso Load (0.2ms)[0m  [1m[34mSELECT  "acessos".* FROM "acessos" WHERE "acessos"."id" = ? LIMIT ?[0m  [["id", nil], ["LIMIT", 1]]
Completed 404 Not Found in 3ms (ActiveRecord: 1.6ms)


  
ActiveRecord::RecordNotFound (Couldn't find Acesso with 'id'=):
  
app/controllers/acessos_controller.rb:44:in `set_acesso'
Started GET "/acessos" for 127.0.0.1 at 2017-10-03 00:47:38 -0300
Processing by AcessosController#index as */*
  Parameters: {"acesso"=>{}}
  [1m[36mAcesso Load (3.1ms)[0m  [1m[34mSELECT "acessos".* FROM "acessos"[0m
Completed 200 OK in 14ms (Views: 9.9ms | ActiveRecord: 3.1ms)


Started POST "/acessos/7" for 127.0.0.1 at 2017-10-03 00:47:44 -0300
  
ActionController::RoutingError (No route matches [POST] "/acessos/7"):
  
actionpack (5.1.4) lib/action_dispatch/middleware/debug_exceptions.rb:63:in `call'
actionpack (5.1.4) lib/action_dispatch/middleware/show_exceptions.rb:31:in `call'
railties (5.1.4) lib/rails/rack/logger.rb:36:in `call_app'
railties (5.1.4) lib/rails/rack/logger.rb:24:in `block in call'
activesupport (5.1.4) lib/active_support/tagged_logging.rb:69:in `block in tagged'
activesupport (5.1.4) lib/active_support/tagged_logging.rb:26:in `tagged'
activesupport (5.1.4) lib/active_support/tagged_logging.rb:69:in `tagged'
railties (5.1.4) lib/rails/rack/logger.rb:24:in `call'
actionpack (5.1.4) lib/action_dispatch/middleware/remote_ip.rb:79:in `call'
actionpack (5.1.4) lib/action_dispatch/middleware/request_id.rb:25:in `call'
rack (2.0.3) lib/rack/runtime.rb:22:in `call'
activesupport (5.1.4) lib/active_support/cache/strategy/local_cache_middleware.rb:27:in `call'
actionpack (5.1.4) lib/action_dispatch/middleware/executor.rb:12:in `call'
actionpack (5.1.4) lib/action_dispatch/middleware/static.rb:125:in `call'
rack (2.0.3) lib/rack/sendfile.rb:111:in `call'
railties (5.1.4) lib/rails/engine.rb:522:in `call'
puma (3.10.0) lib/puma/configuration.rb:225:in `call'
puma (3.10.0) lib/puma/server.rb:605:in `handle_request'
puma (3.10.0) lib/puma/server.rb:437:in `process_client'
puma (3.10.0) lib/puma/server.rb:301:in `block in run'
puma (3.10.0) lib/puma/thread_pool.rb:120:in `block in spawn_thread'
Started PUT "/acessos/7" for 127.0.0.1 at 2017-10-03 00:47:56 -0300
Processing by AcessosController#update as */*
  Parameters: {"key"=>"1234", "url"=>"www.teste.com1234", "date"=>"2017-10-01234", "id"=>"7", "acesso"=>{"key"=>"1234", "url"=>"www.teste.com1234", "date"=>"2017-10-01234"}}
  [1m[36mAcesso Load (0.2ms)[0m  [1m[34mSELECT  "acessos".* FROM "acessos" WHERE "acessos"."id" = ? LIMIT ?[0m  [["id", 7], ["LIMIT", 1]]
  [1m[35m (0.1ms)[0m  [1m[36mbegin transaction[0m
  [1m[35m (0.1ms)[0m  [1m[36mcommit transaction[0m
Completed 200 OK in 4ms (Views: 0.5ms | ActiveRecord: 0.3ms)


Started POST "/acessos" for 127.0.0.1 at 2017-10-03 00:48:25 -0300
Processing by AcessosController#create as */*
  Parameters: {"key"=>"1234", "url"=>"www.teste.com1234", "date"=>"2017-10-01234", "acesso"=>{"key"=>"1234", "url"=>"www.teste.com1234", "date"=>"2017-10-01234"}}
  [1m[36mAcesso Load (0.1ms)[0m  [1m[34mSELECT  "acessos".* FROM "acessos" WHERE "acessos"."id" = ? LIMIT ?[0m  [["id", nil], ["LIMIT", 1]]
Completed 404 Not Found in 1ms (ActiveRecord: 0.1ms)


  
ActiveRecord::RecordNotFound (Couldn't find Acesso with 'id'=):
  
app/controllers/acessos_controller.rb:44:in `set_acesso'
Started POST "/acessos" for 127.0.0.1 at 2017-10-03 00:49:19 -0300
Processing by AcessosController#create as */*
  Parameters: {"key"=>"1234", "url"=>"www.teste.com1234", "date"=>"2017-10-01234", "acesso"=>{"key"=>"1234", "url"=>"www.teste.com1234", "date"=>"2017-10-01234"}}
  [1m[36mAcesso Load (0.3ms)[0m  [1m[34mSELECT  "acessos".* FROM "acessos" WHERE "acessos"."id" = ? LIMIT ?[0m  [["id", 1234], ["LIMIT", 1]]
Completed 404 Not Found in 3ms (ActiveRecord: 1.9ms)


  
ActiveRecord::RecordNotFound (Couldn't find Acesso with 'id'=1234):
  
app/controllers/acessos_controller.rb:44:in `set_acesso'
Started GET "/acessos" for 127.0.0.1 at 2017-10-03 00:49:24 -0300
Processing by AcessosController#index as */*
  Parameters: {"acesso"=>{}}
  [1m[36mAcesso Load (0.2ms)[0m  [1m[34mSELECT "acessos".* FROM "acessos"[0m
Completed 200 OK in 6ms (Views: 5.7ms | ActiveRecord: 0.2ms)


Started POST "/acessos" for 127.0.0.1 at 2017-10-03 00:51:54 -0300
Processing by AcessosController#create as */*
  Parameters: {"key"=>"1234", "url"=>"www.teste.com1234", "date"=>"2017-10-01234", "acesso"=>{"key"=>"1234", "url"=>"www.teste.com1234", "date"=>"2017-10-01234"}}
  [1m[35m (0.1ms)[0m  [1m[36mbegin transaction[0m
  [1m[35mSQL (0.6ms)[0m  [1m[32mINSERT INTO "acessos" ("key", "url", "date", "created_at", "updated_at") VALUES (?, ?, ?, ?, ?)[0m  [["key", "1234"], ["url", "www.teste.com1234"], ["date", "2017-10-01234"], ["created_at", "2017-10-03 03:51:54.320611"], ["updated_at", "2017-10-03 03:51:54.320611"]]
  [1m[35m (2.2ms)[0m  [1m[36mcommit transaction[0m
Completed 201 Created in 24ms (Views: 1.1ms | ActiveRecord: 7.2ms)


Started GET "/acessos" for 127.0.0.1 at 2017-10-03 00:51:58 -0300
Processing by AcessosController#index as */*
  Parameters: {"acesso"=>{}}
  [1m[36mAcesso Load (0.3ms)[0m  [1m[34mSELECT "acessos".* FROM "acessos"[0m
Completed 200 OK in 3ms (Views: 2.3ms | ActiveRecord: 0.3ms)


Started PUT "/acessos/7" for 127.0.0.1 at 2017-10-03 00:52:06 -0300
Processing by AcessosController#update as */*
  Parameters: {"key"=>"1234", "url"=>"www.teste.com1234", "date"=>"2017-10-01234", "id"=>"7", "acesso"=>{"key"=>"1234", "url"=>"www.teste.com1234", "date"=>"2017-10-01234"}}
  [1m[36mAcesso Load (0.3ms)[0m  [1m[34mSELECT  "acessos".* FROM "acessos" WHERE "acessos"."id" = ? LIMIT ?[0m  [["id", nil], ["LIMIT", 1]]
Completed 404 Not Found in 2ms (ActiveRecord: 0.3ms)


  
ActiveRecord::RecordNotFound (Couldn't find Acesso with 'id'={:id=>"7"}):
  
app/controllers/acessos_controller.rb:44:in `set_acesso'
Started PUT "/acessos/7" for 127.0.0.1 at 2017-10-03 00:54:49 -0300
Processing by AcessosController#update as */*
  Parameters: {"key"=>"1234", "url"=>"www.teste.com1234", "date"=>"2017-10-01234", "id"=>"7", "acesso"=>{"key"=>"1234", "url"=>"www.teste.com1234", "date"=>"2017-10-01234"}}
  [1m[36mAcesso Load (0.2ms)[0m  [1m[34mSELECT  "acessos".* FROM "acessos" WHERE "acessos"."id" = ? LIMIT ?[0m  [["id", nil], ["LIMIT", 1]]
Completed 404 Not Found in 3ms (ActiveRecord: 1.4ms)


  
ActiveRecord::RecordNotFound (Couldn't find Acesso with 'id'={:id=>"7"}):
  
app/controllers/acessos_controller.rb:44:in `set_acesso'
Started GET "/acessos" for 127.0.0.1 at 2017-10-03 00:54:52 -0300
Processing by AcessosController#index as */*
  Parameters: {"acesso"=>{}}
  [1m[36mAcesso Load (0.2ms)[0m  [1m[34mSELECT "acessos".* FROM "acessos"[0m
Completed 200 OK in 7ms (Views: 6.6ms | ActiveRecord: 0.2ms)


Started POST "/acessos" for 127.0.0.1 at 2017-10-03 00:54:53 -0300
Processing by AcessosController#create as */*
  Parameters: {"key"=>"1234", "url"=>"www.teste.com1234", "date"=>"2017-10-01234", "acesso"=>{"key"=>"1234", "url"=>"www.teste.com1234", "date"=>"2017-10-01234"}}
  [1m[35m (0.1ms)[0m  [1m[36mbegin transaction[0m
  [1m[35mSQL (0.5ms)[0m  [1m[32mINSERT INTO "acessos" ("key", "url", "date", "created_at", "updated_at") VALUES (?, ?, ?, ?, ?)[0m  [["key", "1234"], ["url", "www.teste.com1234"], ["date", "2017-10-01234"], ["created_at", "2017-10-03 03:54:53.735252"], ["updated_at", "2017-10-03 03:54:53.735252"]]
  [1m[35m (8.0ms)[0m  [1m[36mcommit transaction[0m
Completed 201 Created in 15ms (Views: 1.4ms | ActiveRecord: 8.6ms)


Started GET "/acessos" for 127.0.0.1 at 2017-10-03 00:55:11 -0300
Processing by AcessosController#index as */*
  Parameters: {"acesso"=>{}}
  [1m[36mAcesso Load (0.4ms)[0m  [1m[34mSELECT "acessos".* FROM "acessos"[0m
Completed 200 OK in 4ms (Views: 2.8ms | ActiveRecord: 0.4ms)


Started PUT "/acessos/7" for 127.0.0.1 at 2017-10-03 00:55:40 -0300
Processing by AcessosController#update as */*
  Parameters: {"id"=>"7", "key"=>"1234", "url"=>"www.teste.com1234", "date"=>"2017-10-01234", "acesso"=>{"id"=>"7", "key"=>"1234", "url"=>"www.teste.com1234", "date"=>"2017-10-01234"}}
  [1m[36mAcesso Load (0.2ms)[0m  [1m[34mSELECT  "acessos".* FROM "acessos" WHERE "acessos"."id" = ? LIMIT ?[0m  [["id", nil], ["LIMIT", 1]]
Completed 404 Not Found in 1ms (ActiveRecord: 0.2ms)


  
ActiveRecord::RecordNotFound (Couldn't find Acesso with 'id'={:id=>"7"}):
  
app/controllers/acessos_controller.rb:44:in `set_acesso'
Started GET "/acessos" for 127.0.0.1 at 2017-10-03 00:59:27 -0300
Processing by AcessosController#index as */*
  Parameters: {"acesso"=>{}}
  [1m[36mAcesso Load (0.3ms)[0m  [1m[34mSELECT "acessos".* FROM "acessos"[0m
Completed 200 OK in 18ms (Views: 16.3ms | ActiveRecord: 1.3ms)


Started GET "/acessos/8" for 127.0.0.1 at 2017-10-03 00:59:32 -0300
Processing by AcessosController#show as */*
  Parameters: {"id"=>"8", "acesso"=>{}}
  [1m[36mAcesso Load (0.2ms)[0m  [1m[34mSELECT  "acessos".* FROM "acessos" WHERE "acessos"."id" = ? LIMIT ?[0m  [["id", 8], ["LIMIT", 1]]
Completed 200 OK in 2ms (Views: 0.6ms | ActiveRecord: 0.2ms)


Started PUT "/acessos/8" for 127.0.0.1 at 2017-10-03 00:59:57 -0300
Processing by AcessosController#update as */*
  Parameters: {"id"=>"8", "key"=>"1234555", "url"=>"www.teste.com1234555", "date"=>"2017-10-01234555", "acesso"=>{"id"=>"8", "key"=>"1234555", "url"=>"www.teste.com1234555", "date"=>"2017-10-01234555"}}
  [1m[36mAcesso Load (0.2ms)[0m  [1m[34mSELECT  "acessos".* FROM "acessos" WHERE "acessos"."id" = ? LIMIT ?[0m  [["id", 8], ["LIMIT", 1]]
  [1m[35m (0.1ms)[0m  [1m[36mbegin transaction[0m
  [1m[35mSQL (0.8ms)[0m  [1m[33mUPDATE "acessos" SET "key" = ?, "url" = ?, "date" = ?, "updated_at" = ? WHERE "acessos"."id" = ?[0m  [["key", "1234555"], ["url", "www.teste.com1234555"], ["date", "2017-10-01234555"], ["updated_at", "2017-10-03 03:59:57.636830"], ["id", 8]]
  [1m[35m (4.2ms)[0m  [1m[36mcommit transaction[0m
Completed 200 OK in 10ms (Views: 0.3ms | ActiveRecord: 5.2ms)


Started GET "/acessos/8" for 127.0.0.1 at 2017-10-03 01:00:06 -0300
Processing by AcessosController#show as */*
  Parameters: {"id"=>"8", "acesso"=>{}}
  [1m[36mAcesso Load (0.2ms)[0m  [1m[34mSELECT  "acessos".* FROM "acessos" WHERE "acessos"."id" = ? LIMIT ?[0m  [["id", 8], ["LIMIT", 1]]
Completed 200 OK in 2ms (Views: 0.6ms | ActiveRecord: 0.2ms)


Started GET "/acessos/" for 127.0.0.1 at 2017-10-03 01:00:10 -0300
Processing by AcessosController#index as */*
  Parameters: {"acesso"=>{}}
  [1m[36mAcesso Load (0.3ms)[0m  [1m[34mSELECT "acessos".* FROM "acessos"[0m
Completed 200 OK in 2ms (Views: 1.8ms | ActiveRecord: 0.3ms)


Started POST "/acessos" for 127.0.0.1 at 2017-10-03 01:00:13 -0300
Processing by AcessosController#create as */*
  Parameters: {"key"=>"1234", "url"=>"www.teste.com1234", "date"=>"2017-10-01234", "acesso"=>{"key"=>"1234", "url"=>"www.teste.com1234", "date"=>"2017-10-01234"}}
  [1m[35m (0.1ms)[0m  [1m[36mbegin transaction[0m
  [1m[35mSQL (0.9ms)[0m  [1m[32mINSERT INTO "acessos" ("key", "url", "date", "created_at", "updated_at") VALUES (?, ?, ?, ?, ?)[0m  [["key", "1234"], ["url", "www.teste.com1234"], ["date", "2017-10-01234"], ["created_at", "2017-10-03 04:00:13.583095"], ["updated_at", "2017-10-03 04:00:13.583095"]]
  [1m[35m (7.6ms)[0m  [1m[36mcommit transaction[0m
Completed 201 Created in 13ms (Views: 1.2ms | ActiveRecord: 8.5ms)


Started GET "/acessos/" for 127.0.0.1 at 2017-10-03 01:00:16 -0300
Processing by AcessosController#index as */*
  Parameters: {"acesso"=>{}}
  [1m[36mAcesso Load (0.2ms)[0m  [1m[34mSELECT "acessos".* FROM "acessos"[0m
Completed 200 OK in 2ms (Views: 1.4ms | ActiveRecord: 0.2ms)


Started POST "/acessos" for 127.0.0.1 at 2017-10-03 01:00:26 -0300
Processing by AcessosController#create as JSON
Completed 400 Bad Request in 0ms (ActiveRecord: 0.0ms)


  
ActionController::ParameterMissing (param is missing or the value is empty: acesso):
  
app/controllers/acessos_controller.rb:49:in `acesso_params'
app/controllers/acessos_controller.rb:18:in `create'
Started POST "/acessos" for 127.0.0.1 at 2017-10-03 01:05:26 -0300
Processing by AcessosController#create as */*
Completed 400 Bad Request in 0ms (ActiveRecord: 0.0ms)


  
ActionController::ParameterMissing (param is missing or the value is empty: acesso):
  
app/controllers/acessos_controller.rb:49:in `acesso_params'
app/controllers/acessos_controller.rb:18:in `create'
Started POST "/acessos" for 127.0.0.1 at 2017-10-03 01:06:42 -0300
Processing by AcessosController#create as HTML
Completed 400 Bad Request in 0ms (ActiveRecord: 0.0ms)


  
ActionController::ParameterMissing (param is missing or the value is empty: acesso):
  
app/controllers/acessos_controller.rb:49:in `acesso_params'
app/controllers/acessos_controller.rb:18:in `create'
Started POST "/acessos" for 127.0.0.1 at 2017-10-03 01:08:11 -0300
Processing by AcessosController#create as HTML
Completed 400 Bad Request in 0ms (ActiveRecord: 0.0ms)


  
ActionController::ParameterMissing (param is missing or the value is empty: acesso):
  
app/controllers/acessos_controller.rb:49:in `acesso_params'
app/controllers/acessos_controller.rb:18:in `create'
Started POST "/acessos" for 127.0.0.1 at 2017-10-03 01:09:57 -0300
Processing by AcessosController#create as HTML
  [1m[35m (0.2ms)[0m  [1m[36mbegin transaction[0m
  [1m[35mSQL (0.6ms)[0m  [1m[32mINSERT INTO "acessos" ("created_at", "updated_at") VALUES (?, ?)[0m  [["created_at", "2017-10-03 04:09:57.041141"], ["updated_at", "2017-10-03 04:09:57.041141"]]
  [1m[35m (6.9ms)[0m  [1m[36mcommit transaction[0m
Completed 201 Created in 30ms (Views: 1.7ms | ActiveRecord: 9.1ms)


Started GET "/acessos/" for 127.0.0.1 at 2017-10-03 01:10:10 -0300
Processing by AcessosController#index as */*
  Parameters: {"acesso"=>{}}
  [1m[36mAcesso Load (0.3ms)[0m  [1m[34mSELECT "acessos".* FROM "acessos"[0m
Completed 200 OK in 4ms (Views: 2.9ms | ActiveRecord: 0.3ms)


Started POST "/acessos" for 127.0.0.1 at 2017-10-03 01:10:49 -0300
Processing by AcessosController#create as HTML
  [1m[35m (0.1ms)[0m  [1m[36mbegin transaction[0m
  [1m[35mSQL (0.5ms)[0m  [1m[32mINSERT INTO "acessos" ("created_at", "updated_at") VALUES (?, ?)[0m  [["created_at", "2017-10-03 04:10:49.830600"], ["updated_at", "2017-10-03 04:10:49.830600"]]
  [1m[35m (8.8ms)[0m  [1m[36mcommit transaction[0m
Completed 201 Created in 14ms (Views: 0.8ms | ActiveRecord: 9.3ms)


Started GET "/acessos/" for 127.0.0.1 at 2017-10-03 01:10:56 -0300
Processing by AcessosController#index as */*
  Parameters: {"acesso"=>{}}
  [1m[36mAcesso Load (0.3ms)[0m  [1m[34mSELECT "acessos".* FROM "acessos"[0m
Completed 200 OK in 3ms (Views: 2.5ms | ActiveRecord: 0.3ms)


Started POST "/acessos" for 127.0.0.1 at 2017-10-03 01:12:01 -0300
Processing by AcessosController#create as HTML
Completed 400 Bad Request in 4ms


  
ActionController::ParameterMissing (param is missing or the value is empty: acesso):
  
app/controllers/acessos_controller.rb:49:in `acesso_params'
app/controllers/acessos_controller.rb:18:in `create'
Started POST "/acessos" for 127.0.0.1 at 2017-10-03 01:13:16 -0300
Processing by AcessosController#create as HTML
  [1m[35m (0.1ms)[0m  [1m[36mbegin transaction[0m
  [1m[35mSQL (0.5ms)[0m  [1m[32mINSERT INTO "acessos" ("created_at", "updated_at") VALUES (?, ?)[0m  [["created_at", "2017-10-03 04:13:16.641860"], ["updated_at", "2017-10-03 04:13:16.641860"]]
  [1m[35m (7.9ms)[0m  [1m[36mcommit transaction[0m
Completed 201 Created in 23ms (Views: 1.3ms | ActiveRecord: 9.6ms)


Started GET "/acessos/" for 127.0.0.1 at 2017-10-03 01:17:01 -0300
Processing by AcessosController#index as */*
  Parameters: {"acesso"=>{}}
  [1m[36mAcesso Load (0.2ms)[0m  [1m[34mSELECT "acessos".* FROM "acessos"[0m
Completed 200 OK in 8ms (Views: 6.7ms | ActiveRecord: 1.1ms)


Started GET "/acessos/" for 127.0.0.1 at 2017-10-03 01:17:20 -0300
Processing by AcessosController#index as */*
  Parameters: {"acesso"=>{}}
  [1m[36mAcesso Load (0.2ms)[0m  [1m[34mSELECT "acessos".* FROM "acessos"[0m
Completed 200 OK in 3ms (Views: 2.2ms | ActiveRecord: 0.2ms)


Started DELETE "/acessos/7" for 127.0.0.1 at 2017-10-03 01:17:26 -0300
Processing by AcessosController#destroy as */*
  Parameters: {"key"=>"1", "url"=>"www.teste.com", "date"=>"2017-10-01", "id"=>"7", "acesso"=>{"key"=>"1", "url"=>"www.teste.com", "date"=>"2017-10-01"}}
  [1m[36mAcesso Load (0.3ms)[0m  [1m[34mSELECT  "acessos".* FROM "acessos" WHERE "acessos"."id" = ? LIMIT ?[0m  [["id", 7], ["LIMIT", 1]]
  [1m[35m (0.0ms)[0m  [1m[36mbegin transaction[0m
  [1m[35mSQL (1.0ms)[0m  [1m[31mDELETE FROM "acessos" WHERE "acessos"."id" = ?[0m  [["id", 7]]
  [1m[35m (8.6ms)[0m  [1m[36mcommit transaction[0m
Completed 204 No Content in 14ms (ActiveRecord: 10.0ms)


Started GET "/acessos/" for 127.0.0.1 at 2017-10-03 01:17:28 -0300
Processing by AcessosController#index as */*
  Parameters: {"acesso"=>{}}
  [1m[36mAcesso Load (0.2ms)[0m  [1m[34mSELECT "acessos".* FROM "acessos"[0m
Completed 200 OK in 2ms (Views: 1.7ms | ActiveRecord: 0.2ms)


  [1m[35m (0.1ms)[0m  [1m[34mSELECT "schema_migrations"."version" FROM "schema_migrations" ORDER BY "schema_migrations"."version" ASC[0m
Migrating to CreateContatos (20171003042148)
  [1m[35m (0.1ms)[0m  [1m[36mbegin transaction[0m
  [1m[35m (0.1ms)[0m  [1m[34mSELECT sqlite_version(*)[0m
  [1m[35m (3.1ms)[0m  [1m[35mCREATE TABLE "contatos" ("id" INTEGER PRIMARY KEY AUTOINCREMENT NOT NULL, "email" varchar, "created_at" datetime NOT NULL, "updated_at" datetime NOT NULL)[0m
  [1m[35mSQL (0.2ms)[0m  [1m[32mINSERT INTO "schema_migrations" ("version") VALUES (?)[0m  [["version", "20171003042148"]]
  [1m[35m (1.2ms)[0m  [1m[36mcommit transaction[0m
  [1m[36mActiveRecord::InternalMetadata Load (0.2ms)[0m  [1m[34mSELECT  "ar_internal_metadata".* FROM "ar_internal_metadata" WHERE "ar_internal_metadata"."key" = ? LIMIT ?[0m  [["key", "environment"], ["LIMIT", 1]]
  [1m[35m (0.1ms)[0m  [1m[36mbegin transaction[0m
  [1m[35m (0.1ms)[0m  [1m[36mcommit transaction[0m
  [1m[35m (0.2ms)[0m  [1m[34mSELECT "schema_migrations"."version" FROM "schema_migrations" ORDER BY "schema_migrations"."version" ASC[0m
Started GET "/acessos/" for 127.0.0.1 at 2017-10-03 01:42:18 -0300
  [1m[35m (0.2ms)[0m  [1m[34mSELECT "schema_migrations"."version" FROM "schema_migrations" ORDER BY "schema_migrations"."version" ASC[0m
Processing by AcessosController#index as */*
  Parameters: {"acesso"=>{}}
  [1m[36mAcesso Load (0.2ms)[0m  [1m[34mSELECT "acessos".* FROM "acessos"[0m
Completed 200 OK in 9ms (Views: 8.3ms | ActiveRecord: 0.8ms)


Started DELETE "/acessos/8" for 127.0.0.1 at 2017-10-03 01:42:32 -0300
Processing by AcessosController#destroy as */*
  Parameters: {"key"=>"1", "url"=>"www.teste.com", "date"=>"2017-10-01", "id"=>"8", "acesso"=>{"key"=>"1", "url"=>"www.teste.com", "date"=>"2017-10-01"}}
  [1m[36mAcesso Load (0.2ms)[0m  [1m[34mSELECT  "acessos".* FROM "acessos" WHERE "acessos"."id" = ? LIMIT ?[0m  [["id", 8], ["LIMIT", 1]]
  [1m[35m (0.1ms)[0m  [1m[36mbegin transaction[0m
  [1m[35mSQL (0.9ms)[0m  [1m[31mDELETE FROM "acessos" WHERE "acessos"."id" = ?[0m  [["id", 8]]
  [1m[35m (1.9ms)[0m  [1m[36mcommit transaction[0m
Completed 204 No Content in 8ms (ActiveRecord: 3.4ms)


Started DELETE "/acessos/9" for 127.0.0.1 at 2017-10-03 01:42:34 -0300
Processing by AcessosController#destroy as */*
  Parameters: {"key"=>"1", "url"=>"www.teste.com", "date"=>"2017-10-01", "id"=>"9", "acesso"=>{"key"=>"1", "url"=>"www.teste.com", "date"=>"2017-10-01"}}
  [1m[36mAcesso Load (0.2ms)[0m  [1m[34mSELECT  "acessos".* FROM "acessos" WHERE "acessos"."id" = ? LIMIT ?[0m  [["id", 9], ["LIMIT", 1]]
  [1m[35m (0.1ms)[0m  [1m[36mbegin transaction[0m
  [1m[35mSQL (0.3ms)[0m  [1m[31mDELETE FROM "acessos" WHERE "acessos"."id" = ?[0m  [["id", 9]]
  [1m[35m (1.8ms)[0m  [1m[36mcommit transaction[0m
Completed 204 No Content in 4ms (ActiveRecord: 2.4ms)


Started DELETE "/acessos/10" for 127.0.0.1 at 2017-10-03 01:42:38 -0300
Processing by AcessosController#destroy as */*
  Parameters: {"key"=>"1", "url"=>"www.teste.com", "date"=>"2017-10-01", "id"=>"10", "acesso"=>{"key"=>"1", "url"=>"www.teste.com", "date"=>"2017-10-01"}}
  [1m[36mAcesso Load (0.1ms)[0m  [1m[34mSELECT  "acessos".* FROM "acessos" WHERE "acessos"."id" = ? LIMIT ?[0m  [["id", 10], ["LIMIT", 1]]
  [1m[35m (0.1ms)[0m  [1m[36mbegin transaction[0m
  [1m[35mSQL (0.3ms)[0m  [1m[31mDELETE FROM "acessos" WHERE "acessos"."id" = ?[0m  [["id", 10]]
  [1m[35m (3.0ms)[0m  [1m[36mcommit transaction[0m
Completed 204 No Content in 7ms (ActiveRecord: 3.5ms)


Started DELETE "/acessos/11" for 127.0.0.1 at 2017-10-03 01:42:40 -0300
Processing by AcessosController#destroy as */*
  Parameters: {"key"=>"1", "url"=>"www.teste.com", "date"=>"2017-10-01", "id"=>"11", "acesso"=>{"key"=>"1", "url"=>"www.teste.com", "date"=>"2017-10-01"}}
  [1m[36mAcesso Load (0.1ms)[0m  [1m[34mSELECT  "acessos".* FROM "acessos" WHERE "acessos"."id" = ? LIMIT ?[0m  [["id", 11], ["LIMIT", 1]]
  [1m[35m (0.1ms)[0m  [1m[36mbegin transaction[0m
  [1m[35mSQL (0.3ms)[0m  [1m[31mDELETE FROM "acessos" WHERE "acessos"."id" = ?[0m  [["id", 11]]
  [1m[35m (2.9ms)[0m  [1m[36mcommit transaction[0m
Completed 204 No Content in 6ms (ActiveRecord: 3.5ms)


Started DELETE "/acessos/12" for 127.0.0.1 at 2017-10-03 01:42:42 -0300
Processing by AcessosController#destroy as */*
  Parameters: {"key"=>"1", "url"=>"www.teste.com", "date"=>"2017-10-01", "id"=>"12", "acesso"=>{"key"=>"1", "url"=>"www.teste.com", "date"=>"2017-10-01"}}
  [1m[36mAcesso Load (0.3ms)[0m  [1m[34mSELECT  "acessos".* FROM "acessos" WHERE "acessos"."id" = ? LIMIT ?[0m  [["id", 12], ["LIMIT", 1]]
  [1m[35m (0.1ms)[0m  [1m[36mbegin transaction[0m
  [1m[35mSQL (0.4ms)[0m  [1m[31mDELETE FROM "acessos" WHERE "acessos"."id" = ?[0m  [["id", 12]]
  [1m[35m (7.8ms)[0m  [1m[36mcommit transaction[0m
Completed 204 No Content in 11ms (ActiveRecord: 8.6ms)


Started DELETE "/acessos/13" for 127.0.0.1 at 2017-10-03 01:42:44 -0300
Processing by AcessosController#destroy as */*
  Parameters: {"key"=>"1", "url"=>"www.teste.com", "date"=>"2017-10-01", "id"=>"13", "acesso"=>{"key"=>"1", "url"=>"www.teste.com", "date"=>"2017-10-01"}}
  [1m[36mAcesso Load (0.2ms)[0m  [1m[34mSELECT  "acessos".* FROM "acessos" WHERE "acessos"."id" = ? LIMIT ?[0m  [["id", 13], ["LIMIT", 1]]
  [1m[35m (0.1ms)[0m  [1m[36mbegin transaction[0m
  [1m[35mSQL (0.4ms)[0m  [1m[31mDELETE FROM "acessos" WHERE "acessos"."id" = ?[0m  [["id", 13]]
  [1m[35m (7.8ms)[0m  [1m[36mcommit transaction[0m
Completed 204 No Content in 12ms (ActiveRecord: 8.4ms)


Started DELETE "/acessos/14" for 127.0.0.1 at 2017-10-03 01:42:45 -0300
Processing by AcessosController#destroy as */*
  Parameters: {"key"=>"1", "url"=>"www.teste.com", "date"=>"2017-10-01", "id"=>"14", "acesso"=>{"key"=>"1", "url"=>"www.teste.com", "date"=>"2017-10-01"}}
  [1m[36mAcesso Load (0.2ms)[0m  [1m[34mSELECT  "acessos".* FROM "acessos" WHERE "acessos"."id" = ? LIMIT ?[0m  [["id", 14], ["LIMIT", 1]]
Completed 404 Not Found in 1ms (ActiveRecord: 0.2ms)


  
ActiveRecord::RecordNotFound (Couldn't find Acesso with 'id'=14):
  
app/controllers/acessos_controller.rb:44:in `set_acesso'
Started GET "/acessos/" for 127.0.0.1 at 2017-10-03 01:42:48 -0300
Processing by AcessosController#index as */*
  Parameters: {"acesso"=>{}}
  [1m[36mAcesso Load (0.2ms)[0m  [1m[34mSELECT "acessos".* FROM "acessos"[0m
Completed 200 OK in 1ms (Views: 0.7ms | ActiveRecord: 0.2ms)


Started GET "/acessos/" for 127.0.0.1 at 2017-10-03 01:42:57 -0300
Processing by AcessosController#index as */*
  Parameters: {"acesso"=>{}}
  [1m[36mAcesso Load (0.2ms)[0m  [1m[34mSELECT "acessos".* FROM "acessos"[0m
Completed 200 OK in 1ms (Views: 0.8ms | ActiveRecord: 0.2ms)


Started GET "/acessos/" for 127.0.0.1 at 2017-10-03 01:42:59 -0300
Processing by AcessosController#index as */*
  Parameters: {"acesso"=>{}}
  [1m[36mAcesso Load (0.3ms)[0m  [1m[34mSELECT "acessos".* FROM "acessos"[0m
Completed 200 OK in 1ms (Views: 0.8ms | ActiveRecord: 0.3ms)


Started POST "/acessos" for 127.0.0.1 at 2017-10-03 01:46:50 -0300
Processing by AcessosController#create as HTML
Completed 400 Bad Request in 0ms (ActiveRecord: 0.0ms)


  
ActionController::ParameterMissing (param is missing or the value is empty: acesso):
  
app/controllers/acessos_controller.rb:49:in `acesso_params'
app/controllers/acessos_controller.rb:18:in `create'
Started GET "/acessos" for 127.0.0.1 at 2017-10-03 01:50:07 -0300
  
ActionController::RoutingError (No route matches [GET] "/acessos"):
  
actionpack (5.1.4) lib/action_dispatch/middleware/debug_exceptions.rb:63:in `call'
actionpack (5.1.4) lib/action_dispatch/middleware/show_exceptions.rb:31:in `call'
railties (5.1.4) lib/rails/rack/logger.rb:36:in `call_app'
railties (5.1.4) lib/rails/rack/logger.rb:24:in `block in call'
activesupport (5.1.4) lib/active_support/tagged_logging.rb:69:in `block in tagged'
activesupport (5.1.4) lib/active_support/tagged_logging.rb:26:in `tagged'
activesupport (5.1.4) lib/active_support/tagged_logging.rb:69:in `tagged'
railties (5.1.4) lib/rails/rack/logger.rb:24:in `call'
actionpack (5.1.4) lib/action_dispatch/middleware/remote_ip.rb:79:in `call'
actionpack (5.1.4) lib/action_dispatch/middleware/request_id.rb:25:in `call'
rack (2.0.3) lib/rack/runtime.rb:22:in `call'
activesupport (5.1.4) lib/active_support/cache/strategy/local_cache_middleware.rb:27:in `call'
actionpack (5.1.4) lib/action_dispatch/middleware/executor.rb:12:in `call'
actionpack (5.1.4) lib/action_dispatch/middleware/static.rb:125:in `call'
rack (2.0.3) lib/rack/sendfile.rb:111:in `call'
railties (5.1.4) lib/rails/engine.rb:522:in `call'
puma (3.10.0) lib/puma/configuration.rb:225:in `call'
puma (3.10.0) lib/puma/server.rb:605:in `handle_request'
puma (3.10.0) lib/puma/server.rb:437:in `process_client'
puma (3.10.0) lib/puma/server.rb:301:in `block in run'
puma (3.10.0) lib/puma/thread_pool.rb:120:in `block in spawn_thread'
Started GET "/acessos" for 127.0.0.1 at 2017-10-03 01:50:43 -0300
  [1m[35m (0.3ms)[0m  [1m[34mSELECT "schema_migrations"."version" FROM "schema_migrations" ORDER BY "schema_migrations"."version" ASC[0m
  
ActionController::RoutingError (No route matches [GET] "/acessos"):
  
actionpack (5.1.4) lib/action_dispatch/middleware/debug_exceptions.rb:63:in `call'
actionpack (5.1.4) lib/action_dispatch/middleware/show_exceptions.rb:31:in `call'
railties (5.1.4) lib/rails/rack/logger.rb:36:in `call_app'
railties (5.1.4) lib/rails/rack/logger.rb:24:in `block in call'
activesupport (5.1.4) lib/active_support/tagged_logging.rb:69:in `block in tagged'
activesupport (5.1.4) lib/active_support/tagged_logging.rb:26:in `tagged'
activesupport (5.1.4) lib/active_support/tagged_logging.rb:69:in `tagged'
railties (5.1.4) lib/rails/rack/logger.rb:24:in `call'
actionpack (5.1.4) lib/action_dispatch/middleware/remote_ip.rb:79:in `call'
actionpack (5.1.4) lib/action_dispatch/middleware/request_id.rb:25:in `call'
rack (2.0.3) lib/rack/runtime.rb:22:in `call'
activesupport (5.1.4) lib/active_support/cache/strategy/local_cache_middleware.rb:27:in `call'
actionpack (5.1.4) lib/action_dispatch/middleware/executor.rb:12:in `call'
actionpack (5.1.4) lib/action_dispatch/middleware/static.rb:125:in `call'
rack (2.0.3) lib/rack/sendfile.rb:111:in `call'
railties (5.1.4) lib/rails/engine.rb:522:in `call'
puma (3.10.0) lib/puma/configuration.rb:225:in `call'
puma (3.10.0) lib/puma/server.rb:605:in `handle_request'
puma (3.10.0) lib/puma/server.rb:437:in `process_client'
puma (3.10.0) lib/puma/server.rb:301:in `block in run'
puma (3.10.0) lib/puma/thread_pool.rb:120:in `block in spawn_thread'
Started GET "/acessos" for 127.0.0.1 at 2017-10-03 01:50:44 -0300
  
ActionController::RoutingError (No route matches [GET] "/acessos"):
  
actionpack (5.1.4) lib/action_dispatch/middleware/debug_exceptions.rb:63:in `call'
actionpack (5.1.4) lib/action_dispatch/middleware/show_exceptions.rb:31:in `call'
railties (5.1.4) lib/rails/rack/logger.rb:36:in `call_app'
railties (5.1.4) lib/rails/rack/logger.rb:24:in `block in call'
activesupport (5.1.4) lib/active_support/tagged_logging.rb:69:in `block in tagged'
activesupport (5.1.4) lib/active_support/tagged_logging.rb:26:in `tagged'
activesupport (5.1.4) lib/active_support/tagged_logging.rb:69:in `tagged'
railties (5.1.4) lib/rails/rack/logger.rb:24:in `call'
actionpack (5.1.4) lib/action_dispatch/middleware/remote_ip.rb:79:in `call'
actionpack (5.1.4) lib/action_dispatch/middleware/request_id.rb:25:in `call'
rack (2.0.3) lib/rack/runtime.rb:22:in `call'
activesupport (5.1.4) lib/active_support/cache/strategy/local_cache_middleware.rb:27:in `call'
actionpack (5.1.4) lib/action_dispatch/middleware/executor.rb:12:in `call'
actionpack (5.1.4) lib/action_dispatch/middleware/static.rb:125:in `call'
rack (2.0.3) lib/rack/sendfile.rb:111:in `call'
railties (5.1.4) lib/rails/engine.rb:522:in `call'
puma (3.10.0) lib/puma/configuration.rb:225:in `call'
puma (3.10.0) lib/puma/server.rb:605:in `handle_request'
puma (3.10.0) lib/puma/server.rb:437:in `process_client'
puma (3.10.0) lib/puma/server.rb:301:in `block in run'
puma (3.10.0) lib/puma/thread_pool.rb:120:in `block in spawn_thread'
Started GET "/acessos/new" for 127.0.0.1 at 2017-10-03 01:51:03 -0300
  
AbstractController::ActionNotFound (The action 'new' could not be found for AcessosController):
  
actionpack (5.1.4) lib/abstract_controller/base.rb:119:in `process'
actionpack (5.1.4) lib/action_controller/metal.rb:189:in `dispatch'
actionpack (5.1.4) lib/action_controller/metal.rb:253:in `dispatch'
actionpack (5.1.4) lib/action_dispatch/routing/route_set.rb:49:in `dispatch'
actionpack (5.1.4) lib/action_dispatch/routing/route_set.rb:31:in `serve'
actionpack (5.1.4) lib/action_dispatch/journey/router.rb:50:in `block in serve'
actionpack (5.1.4) lib/action_dispatch/journey/router.rb:33:in `each'
actionpack (5.1.4) lib/action_dispatch/journey/router.rb:33:in `serve'
actionpack (5.1.4) lib/action_dispatch/routing/route_set.rb:834:in `call'
rack (2.0.3) lib/rack/etag.rb:25:in `call'
rack (2.0.3) lib/rack/conditional_get.rb:25:in `call'
rack (2.0.3) lib/rack/head.rb:12:in `call'
activerecord (5.1.4) lib/active_record/migration.rb:556:in `call'
actionpack (5.1.4) lib/action_dispatch/middleware/callbacks.rb:26:in `block in call'
activesupport (5.1.4) lib/active_support/callbacks.rb:97:in `run_callbacks'
actionpack (5.1.4) lib/action_dispatch/middleware/callbacks.rb:24:in `call'
actionpack (5.1.4) lib/action_dispatch/middleware/executor.rb:12:in `call'
actionpack (5.1.4) lib/action_dispatch/middleware/debug_exceptions.rb:59:in `call'
actionpack (5.1.4) lib/action_dispatch/middleware/show_exceptions.rb:31:in `call'
railties (5.1.4) lib/rails/rack/logger.rb:36:in `call_app'
railties (5.1.4) lib/rails/rack/logger.rb:24:in `block in call'
activesupport (5.1.4) lib/active_support/tagged_logging.rb:69:in `block in tagged'
activesupport (5.1.4) lib/active_support/tagged_logging.rb:26:in `tagged'
activesupport (5.1.4) lib/active_support/tagged_logging.rb:69:in `tagged'
railties (5.1.4) lib/rails/rack/logger.rb:24:in `call'
actionpack (5.1.4) lib/action_dispatch/middleware/remote_ip.rb:79:in `call'
actionpack (5.1.4) lib/action_dispatch/middleware/request_id.rb:25:in `call'
rack (2.0.3) lib/rack/runtime.rb:22:in `call'
activesupport (5.1.4) lib/active_support/cache/strategy/local_cache_middleware.rb:27:in `call'
actionpack (5.1.4) lib/action_dispatch/middleware/executor.rb:12:in `call'
actionpack (5.1.4) lib/action_dispatch/middleware/static.rb:125:in `call'
rack (2.0.3) lib/rack/sendfile.rb:111:in `call'
railties (5.1.4) lib/rails/engine.rb:522:in `call'
puma (3.10.0) lib/puma/configuration.rb:225:in `call'
puma (3.10.0) lib/puma/server.rb:605:in `handle_request'
puma (3.10.0) lib/puma/server.rb:437:in `process_client'
puma (3.10.0) lib/puma/server.rb:301:in `block in run'
puma (3.10.0) lib/puma/thread_pool.rb:120:in `block in spawn_thread'
Started POST "/acessos" for 127.0.0.1 at 2017-10-03 01:54:52 -0300
Processing by AcessosController#create as HTML
Completed 400 Bad Request in 8ms (ActiveRecord: 0.0ms)


  
ActionController::ParameterMissing (param is missing or the value is empty: acesso):
  
app/controllers/acessos_controller.rb:49:in `acesso_params'
app/controllers/acessos_controller.rb:18:in `create'
Started POST "/acessos" for 127.0.0.1 at 2017-10-03 01:56:24 -0300
Processing by AcessosController#create as HTML
Completed 400 Bad Request in 0ms (ActiveRecord: 0.0ms)


  
ActionController::ParameterMissing (param is missing or the value is empty: acesso):
  
app/controllers/acessos_controller.rb:49:in `acesso_params'
app/controllers/acessos_controller.rb:18:in `create'
Started POST "/acessos" for 127.0.0.1 at 2017-10-03 01:58:14 -0300
Processing by AcessosController#create as HTML
Completed 400 Bad Request in 0ms (ActiveRecord: 0.0ms)


  
ActionController::ParameterMissing (param is missing or the value is empty: acesso):
  
app/controllers/acessos_controller.rb:49:in `acesso_params'
app/controllers/acessos_controller.rb:18:in `create'
Started POST "/acessos" for 127.0.0.1 at 2017-10-03 01:59:02 -0300
Processing by AcessosController#create as HTML
Completed 400 Bad Request in 0ms (ActiveRecord: 0.0ms)


  
ActionController::ParameterMissing (param is missing or the value is empty: acesso):
  
app/controllers/acessos_controller.rb:49:in `acesso_params'
app/controllers/acessos_controller.rb:18:in `create'
Started POST "/acessos" for 127.0.0.1 at 2017-10-03 01:59:38 -0300
Processing by AcessosController#create as HTML
Completed 400 Bad Request in 0ms (ActiveRecord: 0.0ms)


  
ActionController::ParameterMissing (param is missing or the value is empty: acesso):
  
app/controllers/acessos_controller.rb:49:in `acesso_params'
app/controllers/acessos_controller.rb:18:in `create'
Started POST "/acessos" for 127.0.0.1 at 2017-10-03 02:00:04 -0300
Processing by AcessosController#create as HTML
Completed 400 Bad Request in 0ms (ActiveRecord: 0.0ms)


  
ActionController::ParameterMissing (param is missing or the value is empty: acesso):
  
app/controllers/acessos_controller.rb:49:in `acesso_params'
app/controllers/acessos_controller.rb:18:in `create'
Started GET "/acessos/" for 127.0.0.1 at 2017-10-03 02:13:54 -0300
  [1m[35m (0.3ms)[0m  [1m[34mSELECT "schema_migrations"."version" FROM "schema_migrations" ORDER BY "schema_migrations"."version" ASC[0m
Processing by AcessosController#index as */*
  Parameters: {"acesso"=>{}}
  [1m[36mAcesso Load (0.3ms)[0m  [1m[34mSELECT "acessos".* FROM "acessos"[0m
Completed 200 OK in 1ms (Views: 0.6ms | ActiveRecord: 0.7ms)


Started PUT "/acessos/2" for 127.0.0.1 at 2017-10-03 02:14:01 -0300
Processing by AcessosController#update as */*
  Parameters: {"id"=>"2", "key"=>"1234555", "url"=>"www.teste.com1234555", "date"=>"2017-10-01234555", "acesso"=>{"id"=>"2", "key"=>"1234555", "url"=>"www.teste.com1234555", "date"=>"2017-10-01234555"}}
  [1m[36mAcesso Load (0.2ms)[0m  [1m[34mSELECT  "acessos".* FROM "acessos" WHERE "acessos"."id" = ? LIMIT ?[0m  [["id", 2], ["LIMIT", 1]]
Completed 404 Not Found in 6ms (ActiveRecord: 1.0ms)


  
ActiveRecord::RecordNotFound (Couldn't find Acesso with 'id'=2):
  
app/controllers/acessos_controller.rb:48:in `set_acesso'
Started POST "/acessos" for 127.0.0.1 at 2017-10-03 02:14:08 -0300
Processing by AcessosController#create as */*
  Parameters: {"key"=>"1234", "url"=>"www.teste.com1234", "date"=>"2017-10-01234", "acesso"=>{"key"=>"1234", "url"=>"www.teste.com1234", "date"=>"2017-10-01234"}}
  [1m[35m (0.1ms)[0m  [1m[36mbegin transaction[0m
  [1m[35mSQL (6.9ms)[0m  [1m[32mINSERT INTO "acessos" ("key", "url", "date", "created_at", "updated_at") VALUES (?, ?, ?, ?, ?)[0m  [["key", "1234"], ["url", "www.teste.com1234"], ["date", "2017-10-01234"], ["created_at", "2017-10-03 05:14:08.045461"], ["updated_at", "2017-10-03 05:14:08.045461"]]
  [1m[35m (2.0ms)[0m  [1m[36mcommit transaction[0m
Completed 201 Created in 19ms (Views: 1.1ms | ActiveRecord: 9.0ms)


Started GET "/acessos/" for 127.0.0.1 at 2017-10-03 02:14:10 -0300
Processing by AcessosController#index as */*
  Parameters: {"acesso"=>{}}
  [1m[36mAcesso Load (0.3ms)[0m  [1m[34mSELECT "acessos".* FROM "acessos"[0m
Completed 200 OK in 9ms (Views: 8.0ms | ActiveRecord: 0.3ms)


Started POST "/acessos" for 127.0.0.1 at 2017-10-03 02:14:19 -0300
Processing by AcessosController#create as HTML
Completed 400 Bad Request in 1ms (ActiveRecord: 0.0ms)


  
ActionController::ParameterMissing (param is missing or the value is empty: acesso):
  
app/controllers/acessos_controller.rb:53:in `acesso_params'
app/controllers/acessos_controller.rb:22:in `create'
Started POST "/acessos" for 127.0.0.1 at 2017-10-03 02:20:02 -0300
Processing by AcessosController#create as HTML
Completed 400 Bad Request in 0ms (ActiveRecord: 0.0ms)


  
ActionController::ParameterMissing (param is missing or the value is empty: acesso):
  
app/controllers/acessos_controller.rb:53:in `acesso_params'
app/controllers/acessos_controller.rb:22:in `create'
Started POST "/acessos" for 127.0.0.1 at 2017-10-03 02:21:24 -0300
Processing by AcessosController#create as HTML
Completed 400 Bad Request in 0ms (ActiveRecord: 0.0ms)


  
ActionController::ParameterMissing (param is missing or the value is empty: acesso):
  
app/controllers/acessos_controller.rb:53:in `acesso_params'
app/controllers/acessos_controller.rb:22:in `create'
Started POST "/contatos" for 127.0.0.1 at 2017-10-03 02:21:30 -0300
Processing by ContatosController#create as HTML
Completed 400 Bad Request in 2ms (ActiveRecord: 0.0ms)


  
ActionController::ParameterMissing (param is missing or the value is empty: contato):
  
app/controllers/contatos_controller.rb:49:in `contato_params'
app/controllers/contatos_controller.rb:18:in `create'
Started POST "/acessos" for 127.0.0.1 at 2017-10-03 02:22:21 -0300
Processing by AcessosController#create as HTML
Completed 400 Bad Request in 0ms (ActiveRecord: 0.0ms)


  
ActionController::ParameterMissing (param is missing or the value is empty: acesso):
  
app/controllers/acessos_controller.rb:53:in `acesso_params'
app/controllers/acessos_controller.rb:22:in `create'
Started POST "/contatos" for 127.0.0.1 at 2017-10-03 02:22:24 -0300
Processing by ContatosController#create as HTML
Completed 400 Bad Request in 0ms (ActiveRecord: 0.0ms)


  
ActionController::ParameterMissing (param is missing or the value is empty: contato):
  
app/controllers/contatos_controller.rb:49:in `contato_params'
app/controllers/contatos_controller.rb:18:in `create'
Started POST "/acessos" for 127.0.0.1 at 2017-10-03 02:23:00 -0300
Processing by AcessosController#create as HTML
Completed 400 Bad Request in 0ms (ActiveRecord: 0.0ms)


  
ActionController::ParameterMissing (param is missing or the value is empty: acesso):
  
app/controllers/acessos_controller.rb:53:in `acesso_params'
app/controllers/acessos_controller.rb:22:in `create'
Started POST "/contatos" for 127.0.0.1 at 2017-10-03 02:23:03 -0300
Processing by ContatosController#create as HTML
Completed 400 Bad Request in 1ms (ActiveRecord: 0.0ms)


  
ActionController::ParameterMissing (param is missing or the value is empty: contato):
  
app/controllers/contatos_controller.rb:49:in `contato_params'
app/controllers/contatos_controller.rb:18:in `create'
Started GET "/acessos/" for 127.0.0.1 at 2017-10-03 02:36:46 -0300
  [1m[35m (0.1ms)[0m  [1m[34mSELECT "schema_migrations"."version" FROM "schema_migrations" ORDER BY "schema_migrations"."version" ASC[0m
Processing by AcessosController#index as */*
  Parameters: {"acesso"=>{}}
  [1m[36mAcesso Load (0.2ms)[0m  [1m[34mSELECT "acessos".* FROM "acessos"[0m
Completed 200 OK in 7ms (Views: 5.6ms | ActiveRecord: 0.9ms)


Started POST "/acessos" for 127.0.0.1 at 2017-10-03 02:39:51 -0300
  [1m[35m (0.2ms)[0m  [1m[34mSELECT "schema_migrations"."version" FROM "schema_migrations" ORDER BY "schema_migrations"."version" ASC[0m
Processing by AcessosController#create as HTML
Completed 400 Bad Request in 2ms (ActiveRecord: 0.0ms)


  
ActionController::ParameterMissing (param is missing or the value is empty: acesso):
  
app/controllers/acessos_controller.rb:53:in `acesso_params'
app/controllers/acessos_controller.rb:22:in `create'
